c:\multispec_win64\20170327_multispec_windows\larrymultispecd9\x64debug\multspec.bsc
c:\multispec_win64\20170327_multispec_windows\larrymultispecd9\x64debug\multispec\vc140.pdb
c:\multispec_win64\20170327_multispec_windows\larrymultispecd9\x64debug\multispec\cdisplay.sbr
c:\multispec_win64\20170327_multispec_windows\larrymultispecd9\x64debug\multispec\cfilestr.sbr
c:\multispec_win64\20170327_multispec_windows\larrymultispecd9\x64debug\multispec\chistgrm.sbr
c:\multispec_win64\20170327_multispec_windows\larrymultispecd9\x64debug\multispec\cimagvew.sbr
c:\multispec_win64\20170327_multispec_windows\larrymultispecd9\x64debug\multispec\cimagwin.sbr
c:\multispec_win64\20170327_multispec_windows\larrymultispecd9\x64debug\multispec\cpalette.sbr
c:\multispec_win64\20170327_multispec_windows\larrymultispecd9\x64debug\multispec\cprocess.sbr
c:\multispec_win64\20170327_multispec_windows\larrymultispecd9\x64debug\multispec\cstubs.sbr
c:\multispec_win64\20170327_multispec_windows\larrymultispecd9\x64debug\multispec\cutility.sbr
c:\multispec_win64\20170327_multispec_windows\larrymultispecd9\x64debug\multispec\cwininfo.sbr
c:\multispec_win64\20170327_multispec_windows\larrymultispecd9\x64debug\multispec\inireader.sbr
c:\multispec_win64\20170327_multispec_windows\larrymultispecd9\x64debug\multispec\iniwriter.sbr
c:\multispec_win64\20170327_multispec_windows\larrymultispecd9\x64debug\multispec\sarcview.sbr
c:\multispec_win64\20170327_multispec_windows\larrymultispecd9\x64debug\multispec\sauxecho.sbr
c:\multispec_win64\20170327_multispec_windows\larrymultispecd9\x64debug\multispec\sauxspec.sbr
c:\multispec_win64\20170327_multispec_windows\larrymultispecd9\x64debug\multispec\sclasfy2.sbr
c:\multispec_win64\20170327_multispec_windows\larrymultispecd9\x64debug\multispec\sclassfy.sbr
c:\multispec_win64\20170327_multispec_windows\larrymultispecd9\x64debug\multispec\scluster.sbr
c:\multispec_win64\20170327_multispec_windows\larrymultispecd9\x64debug\multispec\sclustid.sbr
c:\multispec_win64\20170327_multispec_windows\larrymultispecd9\x64debug\multispec\sclustsp.sbr
c:\multispec_win64\20170327_multispec_windows\larrymultispecd9\x64debug\multispec\sclustsp.obj
c:\multispec_win64\20170327_multispec_windows\larrymultispecd9\x64debug\multispec\sclustid.obj
c:\multispec_win64\20170327_multispec_windows\larrymultispecd9\x64debug\multispec\scluster.obj
c:\multispec_win64\20170327_multispec_windows\larrymultispecd9\x64debug\multispec\sclassfy.obj
c:\multispec_win64\20170327_multispec_windows\larrymultispecd9\x64debug\multispec\sclasfy2.obj
c:\multispec_win64\20170327_multispec_windows\larrymultispecd9\x64debug\multispec\sauxspec.obj
c:\multispec_win64\20170327_multispec_windows\larrymultispecd9\x64debug\multispec\sauxecho.obj
c:\multispec_win64\20170327_multispec_windows\larrymultispecd9\x64debug\multispec\sarcview.obj
c:\multispec_win64\20170327_multispec_windows\larrymultispecd9\x64debug\multispec\iniwriter.obj
c:\multispec_win64\20170327_multispec_windows\larrymultispecd9\x64debug\multispec\inireader.obj
c:\multispec_win64\20170327_multispec_windows\larrymultispecd9\x64debug\multispec\cwininfo.obj
c:\multispec_win64\20170327_multispec_windows\larrymultispecd9\x64debug\multispec\cutility.obj
c:\multispec_win64\20170327_multispec_windows\larrymultispecd9\x64debug\multispec\cstubs.obj
c:\multispec_win64\20170327_multispec_windows\larrymultispecd9\x64debug\multispec\cprocess.obj
c:\multispec_win64\20170327_multispec_windows\larrymultispecd9\x64debug\multispec\cpalette.obj
c:\multispec_win64\20170327_multispec_windows\larrymultispecd9\x64debug\multispec\cimagwin.obj
c:\multispec_win64\20170327_multispec_windows\larrymultispecd9\x64debug\multispec\cimagvew.obj
c:\multispec_win64\20170327_multispec_windows\larrymultispecd9\x64debug\multispec\chistgrm.obj
c:\multispec_win64\20170327_multispec_windows\larrymultispecd9\x64debug\multispec\cfilestr.obj
c:\multispec_win64\20170327_multispec_windows\larrymultispecd9\x64debug\multispec\cdisplay.obj
c:\multispec_win64\20170327_multispec_windows\larrymultispecd9\x64debug\multispec\scooview.sbr
c:\multispec_win64\20170327_multispec_windows\larrymultispecd9\x64debug\multispec\sdatfile.sbr
c:\multispec_win64\20170327_multispec_windows\larrymultispecd9\x64debug\multispec\sdis1624.sbr
c:\multispec_win64\20170327_multispec_windows\larrymultispecd9\x64debug\multispec\sdisinfo.sbr
c:\multispec_win64\20170327_multispec_windows\larrymultispecd9\x64debug\multispec\sdismulc.sbr
c:\multispec_win64\20170327_multispec_windows\larrymultispecd9\x64debug\multispec\sdisplay.sbr
c:\multispec_win64\20170327_multispec_windows\larrymultispecd9\x64debug\multispec\sdisplay4_8bytedata.sbr
c:\multispec_win64\20170327_multispec_windows\larrymultispecd9\x64debug\multispec\sdisthem.sbr
c:\multispec_win64\20170327_multispec_windows\larrymultispecd9\x64debug\multispec\sdlgutil.sbr
c:\multispec_win64\20170327_multispec_windows\larrymultispecd9\x64debug\multispec\sechospc.sbr
c:\multispec_win64\20170327_multispec_windows\larrymultispecd9\x64debug\multispec\seclssfy.sbr
c:\multispec_win64\20170327_multispec_windows\larrymultispecd9\x64debug\multispec\sedtstat.sbr
c:\multispec_win64\20170327_multispec_windows\larrymultispecd9\x64debug\multispec\sememory.sbr
c:\multispec_win64\20170327_multispec_windows\larrymultispecd9\x64debug\multispec\sephase.sbr
c:\multispec_win64\20170327_multispec_windows\larrymultispecd9\x64debug\multispec\sfeatext.sbr
c:\multispec_win64\20170327_multispec_windows\larrymultispecd9\x64debug\multispec\sfeatsel.sbr
c:\multispec_win64\20170327_multispec_windows\larrymultispecd9\x64debug\multispec\sfieldst.sbr
c:\multispec_win64\20170327_multispec_windows\larrymultispecd9\x64debug\multispec\sfileio.sbr
c:\multispec_win64\20170327_multispec_windows\larrymultispecd9\x64debug\multispec\sgaiautl.sbr
c:\multispec_win64\20170327_multispec_windows\larrymultispecd9\x64debug\multispec\sgdalinterface.sbr
c:\multispec_win64\20170327_multispec_windows\larrymultispecd9\x64debug\multispec\sgdalinterface.obj
c:\multispec_win64\20170327_multispec_windows\larrymultispecd9\x64debug\multispec\sgaiautl.obj
c:\multispec_win64\20170327_multispec_windows\larrymultispecd9\x64debug\multispec\sfileio.obj
c:\multispec_win64\20170327_multispec_windows\larrymultispecd9\x64debug\multispec\sfieldst.obj
c:\multispec_win64\20170327_multispec_windows\larrymultispecd9\x64debug\multispec\sfeatsel.obj
c:\multispec_win64\20170327_multispec_windows\larrymultispecd9\x64debug\multispec\sfeatext.obj
c:\multispec_win64\20170327_multispec_windows\larrymultispecd9\x64debug\multispec\sephase.obj
c:\multispec_win64\20170327_multispec_windows\larrymultispecd9\x64debug\multispec\sememory.obj
c:\multispec_win64\20170327_multispec_windows\larrymultispecd9\x64debug\multispec\sedtstat.obj
c:\multispec_win64\20170327_multispec_windows\larrymultispecd9\x64debug\multispec\seclssfy.obj
c:\multispec_win64\20170327_multispec_windows\larrymultispecd9\x64debug\multispec\sechospc.obj
c:\multispec_win64\20170327_multispec_windows\larrymultispecd9\x64debug\multispec\sdlgutil.obj
c:\multispec_win64\20170327_multispec_windows\larrymultispecd9\x64debug\multispec\sdisthem.obj
c:\multispec_win64\20170327_multispec_windows\larrymultispecd9\x64debug\multispec\sdisplay4_8bytedata.obj
c:\multispec_win64\20170327_multispec_windows\larrymultispecd9\x64debug\multispec\sdisplay.obj
c:\multispec_win64\20170327_multispec_windows\larrymultispecd9\x64debug\multispec\sdismulc.obj
c:\multispec_win64\20170327_multispec_windows\larrymultispecd9\x64debug\multispec\sdisinfo.obj
c:\multispec_win64\20170327_multispec_windows\larrymultispecd9\x64debug\multispec\sdis1624.obj
c:\multispec_win64\20170327_multispec_windows\larrymultispecd9\x64debug\multispec\sdatfile.obj
c:\multispec_win64\20170327_multispec_windows\larrymultispecd9\x64debug\multispec\scooview.obj
c:\multispec_win64\20170327_multispec_windows\larrymultispecd9\x64debug\multispec\sgeotiff.sbr
c:\multispec_win64\20170327_multispec_windows\larrymultispecd9\x64debug\multispec\sgrafvew.sbr
c:\multispec_win64\20170327_multispec_windows\larrymultispecd9\x64debug\multispec\sgraphic.sbr
c:\multispec_win64\20170327_multispec_windows\larrymultispecd9\x64debug\multispec\sgrautil.sbr
c:\multispec_win64\20170327_multispec_windows\larrymultispecd9\x64debug\multispec\shdf4.sbr
c:\multispec_win64\20170327_multispec_windows\larrymultispecd9\x64debug\multispec\shdf5.sbr
c:\multispec_win64\20170327_multispec_windows\larrymultispecd9\x64debug\multispec\shisinfo.sbr
c:\multispec_win64\20170327_multispec_windows\larrymultispecd9\x64debug\multispec\shistgrm.sbr
c:\multispec_win64\20170327_multispec_windows\larrymultispecd9\x64debug\multispec\simageoverlays.sbr
c:\multispec_win64\20170327_multispec_windows\larrymultispecd9\x64debug\multispec\simagine.sbr
c:\multispec_win64\20170327_multispec_windows\larrymultispecd9\x64debug\multispec\sloocov.sbr
c:\multispec_win64\20170327_multispec_windows\larrymultispecd9\x64debug\multispec\slstdata.sbr
c:\multispec_win64\20170327_multispec_windows\larrymultispecd9\x64debug\multispec\slstrslt.sbr
c:\multispec_win64\20170327_multispec_windows\larrymultispecd9\x64debug\multispec\smaptran.sbr
c:\multispec_win64\20170327_multispec_windows\larrymultispecd9\x64debug\multispec\smask.sbr
c:\multispec_win64\20170327_multispec_windows\larrymultispecd9\x64debug\multispec\smatlab.sbr
c:\multispec_win64\20170327_multispec_windows\larrymultispecd9\x64debug\multispec\smatutil.sbr
c:\multispec_win64\20170327_multispec_windows\larrymultispecd9\x64debug\multispec\smemutil.sbr
c:\multispec_win64\20170327_multispec_windows\larrymultispecd9\x64debug\multispec\smenus.sbr
c:\multispec_win64\20170327_multispec_windows\larrymultispecd9\x64debug\multispec\smosaic.sbr
c:\multispec_win64\20170327_multispec_windows\larrymultispecd9\x64debug\multispec\smosaic.obj
c:\multispec_win64\20170327_multispec_windows\larrymultispecd9\x64debug\multispec\smenus.obj
c:\multispec_win64\20170327_multispec_windows\larrymultispecd9\x64debug\multispec\smemutil.obj
c:\multispec_win64\20170327_multispec_windows\larrymultispecd9\x64debug\multispec\smatutil.obj
c:\multispec_win64\20170327_multispec_windows\larrymultispecd9\x64debug\multispec\smatlab.obj
c:\multispec_win64\20170327_multispec_windows\larrymultispecd9\x64debug\multispec\smask.obj
c:\multispec_win64\20170327_multispec_windows\larrymultispecd9\x64debug\multispec\smaptran.obj
c:\multispec_win64\20170327_multispec_windows\larrymultispecd9\x64debug\multispec\slstrslt.obj
c:\multispec_win64\20170327_multispec_windows\larrymultispecd9\x64debug\multispec\slstdata.obj
c:\multispec_win64\20170327_multispec_windows\larrymultispecd9\x64debug\multispec\sloocov.obj
c:\multispec_win64\20170327_multispec_windows\larrymultispecd9\x64debug\multispec\simagine.obj
c:\multispec_win64\20170327_multispec_windows\larrymultispecd9\x64debug\multispec\simageoverlays.obj
c:\multispec_win64\20170327_multispec_windows\larrymultispecd9\x64debug\multispec\shistgrm.obj
c:\multispec_win64\20170327_multispec_windows\larrymultispecd9\x64debug\multispec\shisinfo.obj
c:\multispec_win64\20170327_multispec_windows\larrymultispecd9\x64debug\multispec\shdf5.obj
c:\multispec_win64\20170327_multispec_windows\larrymultispecd9\x64debug\multispec\shdf4.obj
c:\multispec_win64\20170327_multispec_windows\larrymultispecd9\x64debug\multispec\sgrautil.obj
c:\multispec_win64\20170327_multispec_windows\larrymultispecd9\x64debug\multispec\sgraphic.obj
c:\multispec_win64\20170327_multispec_windows\larrymultispecd9\x64debug\multispec\sgrafvew.obj
c:\multispec_win64\20170327_multispec_windows\larrymultispecd9\x64debug\multispec\sgeotiff.obj
c:\multispec_win64\20170327_multispec_windows\larrymultispecd9\x64debug\multispec\smul.sbr
c:\multispec_win64\20170327_multispec_windows\larrymultispecd9\x64debug\multispec\sndfformat.sbr
c:\multispec_win64\20170327_multispec_windows\larrymultispecd9\x64debug\multispec\sopendlg.sbr
c:\multispec_win64\20170327_multispec_windows\larrymultispecd9\x64debug\multispec\sopnimag.sbr
c:\multispec_win64\20170327_multispec_windows\larrymultispecd9\x64debug\multispec\sother.sbr
c:\multispec_win64\20170327_multispec_windows\larrymultispecd9\x64debug\multispec\soutlinefields.sbr
c:\multispec_win64\20170327_multispec_windows\larrymultispecd9\x64debug\multispec\spalette.sbr
c:\multispec_win64\20170327_multispec_windows\larrymultispecd9\x64debug\multispec\spmatutl.sbr
c:\multispec_win64\20170327_multispec_windows\larrymultispecd9\x64debug\multispec\sprincom.sbr
c:\multispec_win64\20170327_multispec_windows\larrymultispecd9\x64debug\multispec\sprocmem.sbr
c:\multispec_win64\20170327_multispec_windows\larrymultispecd9\x64debug\multispec\sproject.sbr
c:\multispec_win64\20170327_multispec_windows\larrymultispecd9\x64debug\multispec\sprojectionalgorithms.sbr
c:\multispec_win64\20170327_multispec_windows\larrymultispecd9\x64debug\multispec\sprojectutilities.sbr
c:\multispec_win64\20170327_multispec_windows\larrymultispecd9\x64debug\multispec\sprojfio.sbr
c:\multispec_win64\20170327_multispec_windows\larrymultispecd9\x64debug\multispec\sprojpur.sbr
c:\multispec_win64\20170327_multispec_windows\larrymultispecd9\x64debug\multispec\srecthem.sbr
c:\multispec_win64\20170327_multispec_windows\larrymultispecd9\x64debug\multispec\srectification.sbr
c:\multispec_win64\20170327_multispec_windows\larrymultispecd9\x64debug\multispec\sreform1.sbr
c:\multispec_win64\20170327_multispec_windows\larrymultispecd9\x64debug\multispec\sreform2.sbr
c:\multispec_win64\20170327_multispec_windows\larrymultispecd9\x64debug\multispec\sregistration.sbr
c:\multispec_win64\20170327_multispec_windows\larrymultispecd9\x64debug\multispec\sregistration.obj
c:\multispec_win64\20170327_multispec_windows\larrymultispecd9\x64debug\multispec\sreform2.obj
c:\multispec_win64\20170327_multispec_windows\larrymultispecd9\x64debug\multispec\sreform1.obj
c:\multispec_win64\20170327_multispec_windows\larrymultispecd9\x64debug\multispec\srectification.obj
c:\multispec_win64\20170327_multispec_windows\larrymultispecd9\x64debug\multispec\srecthem.obj
c:\multispec_win64\20170327_multispec_windows\larrymultispecd9\x64debug\multispec\sprojpur.obj
c:\multispec_win64\20170327_multispec_windows\larrymultispecd9\x64debug\multispec\sprojfio.obj
c:\multispec_win64\20170327_multispec_windows\larrymultispecd9\x64debug\multispec\sprojectutilities.obj
c:\multispec_win64\20170327_multispec_windows\larrymultispecd9\x64debug\multispec\sprojectionalgorithms.obj
c:\multispec_win64\20170327_multispec_windows\larrymultispecd9\x64debug\multispec\sproject.obj
c:\multispec_win64\20170327_multispec_windows\larrymultispecd9\x64debug\multispec\sprocmem.obj
c:\multispec_win64\20170327_multispec_windows\larrymultispecd9\x64debug\multispec\sprincom.obj
c:\multispec_win64\20170327_multispec_windows\larrymultispecd9\x64debug\multispec\spmatutl.obj
c:\multispec_win64\20170327_multispec_windows\larrymultispecd9\x64debug\multispec\spalette.obj
c:\multispec_win64\20170327_multispec_windows\larrymultispecd9\x64debug\multispec\soutlinefields.obj
c:\multispec_win64\20170327_multispec_windows\larrymultispecd9\x64debug\multispec\sother.obj
c:\multispec_win64\20170327_multispec_windows\larrymultispecd9\x64debug\multispec\sopnimag.obj
c:\multispec_win64\20170327_multispec_windows\larrymultispecd9\x64debug\multispec\sopendlg.obj
c:\multispec_win64\20170327_multispec_windows\larrymultispecd9\x64debug\multispec\sndfformat.obj
c:\multispec_win64\20170327_multispec_windows\larrymultispecd9\x64debug\multispec\smul.obj
c:\multispec_win64\20170327_multispec_windows\larrymultispecd9\x64debug\multispec\ssavewrt.sbr
c:\multispec_win64\20170327_multispec_windows\larrymultispecd9\x64debug\multispec\sselectionutility.sbr
c:\multispec_win64\20170327_multispec_windows\larrymultispecd9\x64debug\multispec\sselgraf.sbr
c:\multispec_win64\20170327_multispec_windows\larrymultispecd9\x64debug\multispec\sshapetothematic.sbr
c:\multispec_win64\20170327_multispec_windows\larrymultispecd9\x64debug\multispec\sstatcom.sbr
c:\multispec_win64\20170327_multispec_windows\larrymultispecd9\x64debug\multispec\sstatenh.sbr
c:\multispec_win64\20170327_multispec_windows\larrymultispecd9\x64debug\multispec\sstathistogram.sbr
c:\multispec_win64\20170327_multispec_windows\larrymultispecd9\x64debug\multispec\sstatist.sbr
c:\multispec_win64\20170327_multispec_windows\larrymultispecd9\x64debug\multispec\sstatlst.sbr
c:\multispec_win64\20170327_multispec_windows\larrymultispecd9\x64debug\multispec\sstrings.sbr
c:\multispec_win64\20170327_multispec_windows\larrymultispecd9\x64debug\multispec\sthemwin.sbr
c:\multispec_win64\20170327_multispec_windows\larrymultispecd9\x64debug\multispec\sthreads.sbr
c:\multispec_win64\20170327_multispec_windows\larrymultispecd9\x64debug\multispec\sutility.sbr
c:\multispec_win64\20170327_multispec_windows\larrymultispecd9\x64debug\multispec\swindow.sbr
c:\multispec_win64\20170327_multispec_windows\larrymultispecd9\x64debug\multispec\swininfo.sbr
c:\multispec_win64\20170327_multispec_windows\larrymultispecd9\x64debug\multispec\w1coldlg.sbr
c:\multispec_win64\20170327_multispec_windows\larrymultispecd9\x64debug\multispec\wabout.sbr
c:\multispec_win64\20170327_multispec_windows\larrymultispecd9\x64debug\multispec\wapdfdlg.sbr
c:\multispec_win64\20170327_multispec_windows\larrymultispecd9\x64debug\multispec\wbiplotdialog.sbr
c:\multispec_win64\20170327_multispec_windows\larrymultispecd9\x64debug\multispec\wccemdlg.sbr
c:\multispec_win64\20170327_multispec_windows\larrymultispecd9\x64debug\multispec\wccemdlg.obj
c:\multispec_win64\20170327_multispec_windows\larrymultispecd9\x64debug\multispec\wbiplotdialog.obj
c:\multispec_win64\20170327_multispec_windows\larrymultispecd9\x64debug\multispec\wapdfdlg.obj
c:\multispec_win64\20170327_multispec_windows\larrymultispecd9\x64debug\multispec\wabout.obj
c:\multispec_win64\20170327_multispec_windows\larrymultispecd9\x64debug\multispec\w1coldlg.obj
c:\multispec_win64\20170327_multispec_windows\larrymultispecd9\x64debug\multispec\swininfo.obj
c:\multispec_win64\20170327_multispec_windows\larrymultispecd9\x64debug\multispec\swindow.obj
c:\multispec_win64\20170327_multispec_windows\larrymultispecd9\x64debug\multispec\sutility.obj
c:\multispec_win64\20170327_multispec_windows\larrymultispecd9\x64debug\multispec\sthreads.obj
c:\multispec_win64\20170327_multispec_windows\larrymultispecd9\x64debug\multispec\sthemwin.obj
c:\multispec_win64\20170327_multispec_windows\larrymultispecd9\x64debug\multispec\sstrings.obj
c:\multispec_win64\20170327_multispec_windows\larrymultispecd9\x64debug\multispec\sstatlst.obj
c:\multispec_win64\20170327_multispec_windows\larrymultispecd9\x64debug\multispec\sstatist.obj
c:\multispec_win64\20170327_multispec_windows\larrymultispecd9\x64debug\multispec\sstathistogram.obj
c:\multispec_win64\20170327_multispec_windows\larrymultispecd9\x64debug\multispec\sstatenh.obj
c:\multispec_win64\20170327_multispec_windows\larrymultispecd9\x64debug\multispec\sstatcom.obj
c:\multispec_win64\20170327_multispec_windows\larrymultispecd9\x64debug\multispec\sshapetothematic.obj
c:\multispec_win64\20170327_multispec_windows\larrymultispecd9\x64debug\multispec\sselgraf.obj
c:\multispec_win64\20170327_multispec_windows\larrymultispecd9\x64debug\multispec\sselectionutility.obj
c:\multispec_win64\20170327_multispec_windows\larrymultispecd9\x64debug\multispec\ssavewrt.obj
c:\multispec_win64\20170327_multispec_windows\larrymultispecd9\x64debug\multispec\wcchndlg.sbr
c:\multispec_win64\20170327_multispec_windows\larrymultispecd9\x64debug\multispec\wccordlg.sbr
c:\multispec_win64\20170327_multispec_windows\larrymultispecd9\x64debug\multispec\wchandlg.sbr
c:\multispec_win64\20170327_multispec_windows\larrymultispecd9\x64debug\multispec\wclasdlg.sbr
c:\multispec_win64\20170327_multispec_windows\larrymultispecd9\x64debug\multispec\wclassgroupdialog.sbr
c:\multispec_win64\20170327_multispec_windows\larrymultispecd9\x64debug\multispec\wcliddlg.sbr
c:\multispec_win64\20170327_multispec_windows\larrymultispecd9\x64debug\multispec\wclsfdlg.sbr
c:\multispec_win64\20170327_multispec_windows\larrymultispecd9\x64debug\multispec\wclspdlg.sbr
c:\multispec_win64\20170327_multispec_windows\larrymultispecd9\x64debug\multispec\wclusdlg.sbr
c:\multispec_win64\20170327_multispec_windows\larrymultispecd9\x64debug\multispec\wcoorbar.sbr
c:\multispec_win64\20170327_multispec_windows\larrymultispecd9\x64debug\multispec\wcovedlg.sbr
c:\multispec_win64\20170327_multispec_windows\larrymultispecd9\x64debug\multispec\wcpwtdlg.sbr
c:\multispec_win64\20170327_multispec_windows\larrymultispecd9\x64debug\multispec\wcsgpdlg.sbr
c:\multispec_win64\20170327_multispec_windows\larrymultispecd9\x64debug\multispec\wcwtdlg.sbr
c:\multispec_win64\20170327_multispec_windows\larrymultispecd9\x64debug\multispec\wdialog.sbr
c:\multispec_win64\20170327_multispec_windows\larrymultispecd9\x64debug\multispec\wdisplaymultispectraldialog.sbr
c:\multispec_win64\20170327_multispec_windows\larrymultispecd9\x64debug\multispec\wdisplaythematicdialog.sbr
c:\multispec_win64\20170327_multispec_windows\larrymultispecd9\x64debug\multispec\wdmindlg.sbr
c:\multispec_win64\20170327_multispec_windows\larrymultispecd9\x64debug\multispec\wdrawobj.sbr
c:\multispec_win64\20170327_multispec_windows\larrymultispecd9\x64debug\multispec\wechodlg.sbr
c:\multispec_win64\20170327_multispec_windows\larrymultispecd9\x64debug\multispec\wechodlg.obj
c:\multispec_win64\20170327_multispec_windows\larrymultispecd9\x64debug\multispec\wdrawobj.obj
c:\multispec_win64\20170327_multispec_windows\larrymultispecd9\x64debug\multispec\wdmindlg.obj
c:\multispec_win64\20170327_multispec_windows\larrymultispecd9\x64debug\multispec\wdisplaythematicdialog.obj
c:\multispec_win64\20170327_multispec_windows\larrymultispecd9\x64debug\multispec\wdisplaymultispectraldialog.obj
c:\multispec_win64\20170327_multispec_windows\larrymultispecd9\x64debug\multispec\wdialog.obj
c:\multispec_win64\20170327_multispec_windows\larrymultispecd9\x64debug\multispec\wcwtdlg.obj
c:\multispec_win64\20170327_multispec_windows\larrymultispecd9\x64debug\multispec\wcsgpdlg.obj
c:\multispec_win64\20170327_multispec_windows\larrymultispecd9\x64debug\multispec\wcpwtdlg.obj
c:\multispec_win64\20170327_multispec_windows\larrymultispecd9\x64debug\multispec\wcovedlg.obj
c:\multispec_win64\20170327_multispec_windows\larrymultispecd9\x64debug\multispec\wcoorbar.obj
c:\multispec_win64\20170327_multispec_windows\larrymultispecd9\x64debug\multispec\wclusdlg.obj
c:\multispec_win64\20170327_multispec_windows\larrymultispecd9\x64debug\multispec\wclspdlg.obj
c:\multispec_win64\20170327_multispec_windows\larrymultispecd9\x64debug\multispec\wclsfdlg.obj
c:\multispec_win64\20170327_multispec_windows\larrymultispecd9\x64debug\multispec\wcliddlg.obj
c:\multispec_win64\20170327_multispec_windows\larrymultispecd9\x64debug\multispec\wclassgroupdialog.obj
c:\multispec_win64\20170327_multispec_windows\larrymultispecd9\x64debug\multispec\wclasdlg.obj
c:\multispec_win64\20170327_multispec_windows\larrymultispecd9\x64debug\multispec\wchandlg.obj
c:\multispec_win64\20170327_multispec_windows\larrymultispecd9\x64debug\multispec\wccordlg.obj
c:\multispec_win64\20170327_multispec_windows\larrymultispecd9\x64debug\multispec\wcchndlg.obj
c:\multispec_win64\20170327_multispec_windows\larrymultispecd9\x64debug\multispec\westadlg.sbr
c:\multispec_win64\20170327_multispec_windows\larrymultispecd9\x64debug\multispec\wfcoldlg.sbr
c:\multispec_win64\20170327_multispec_windows\larrymultispecd9\x64debug\multispec\wfextdlg.sbr
c:\multispec_win64\20170327_multispec_windows\larrymultispecd9\x64debug\multispec\wfiledlg.sbr
c:\multispec_win64\20170327_multispec_windows\larrymultispecd9\x64debug\multispec\wformdlg.sbr
c:\multispec_win64\20170327_multispec_windows\larrymultispecd9\x64debug\multispec\wfseldlg.sbr
c:\multispec_win64\20170327_multispec_windows\larrymultispecd9\x64debug\multispec\wftotdlg.sbr
c:\multispec_win64\20170327_multispec_windows\larrymultispecd9\x64debug\multispec\wgaussianparameterdlg.sbr
c:\multispec_win64\20170327_multispec_windows\larrymultispecd9\x64debug\multispec\wgrafdoc.sbr
c:\multispec_win64\20170327_multispec_windows\larrymultispecd9\x64debug\multispec\wgraffrm.sbr
c:\multispec_win64\20170327_multispec_windows\larrymultispecd9\x64debug\multispec\whistdlg.sbr
c:\multispec_win64\20170327_multispec_windows\larrymultispecd9\x64debug\multispec\wimagdoc.sbr
c:\multispec_win64\20170327_multispec_windows\larrymultispecd9\x64debug\multispec\wimagesplitterwnd.sbr
c:\multispec_win64\20170327_multispec_windows\larrymultispecd9\x64debug\multispec\wimagfrm.sbr
c:\multispec_win64\20170327_multispec_windows\larrymultispecd9\x64debug\multispec\wimagvew.sbr
c:\multispec_win64\20170327_multispec_windows\larrymultispecd9\x64debug\multispec\wlegendlist.sbr
c:\multispec_win64\20170327_multispec_windows\larrymultispecd9\x64debug\multispec\wliopdlg.sbr
c:\multispec_win64\20170327_multispec_windows\larrymultispecd9\x64debug\multispec\wlistbox.sbr
c:\multispec_win64\20170327_multispec_windows\larrymultispecd9\x64debug\multispec\wloomdlg.sbr
c:\multispec_win64\20170327_multispec_windows\larrymultispecd9\x64debug\multispec\wlstddlg.sbr
c:\multispec_win64\20170327_multispec_windows\larrymultispecd9\x64debug\multispec\wlstddlg.obj
c:\multispec_win64\20170327_multispec_windows\larrymultispecd9\x64debug\multispec\wloomdlg.obj
c:\multispec_win64\20170327_multispec_windows\larrymultispecd9\x64debug\multispec\wlistbox.obj
c:\multispec_win64\20170327_multispec_windows\larrymultispecd9\x64debug\multispec\wliopdlg.obj
c:\multispec_win64\20170327_multispec_windows\larrymultispecd9\x64debug\multispec\wlegendlist.obj
c:\multispec_win64\20170327_multispec_windows\larrymultispecd9\x64debug\multispec\wimagvew.obj
c:\multispec_win64\20170327_multispec_windows\larrymultispecd9\x64debug\multispec\wimagfrm.obj
c:\multispec_win64\20170327_multispec_windows\larrymultispecd9\x64debug\multispec\wimagesplitterwnd.obj
c:\multispec_win64\20170327_multispec_windows\larrymultispecd9\x64debug\multispec\wimagdoc.obj
c:\multispec_win64\20170327_multispec_windows\larrymultispecd9\x64debug\multispec\whistdlg.obj
c:\multispec_win64\20170327_multispec_windows\larrymultispecd9\x64debug\multispec\wgraffrm.obj
c:\multispec_win64\20170327_multispec_windows\larrymultispecd9\x64debug\multispec\wgrafdoc.obj
c:\multispec_win64\20170327_multispec_windows\larrymultispecd9\x64debug\multispec\wgaussianparameterdlg.obj
c:\multispec_win64\20170327_multispec_windows\larrymultispecd9\x64debug\multispec\wftotdlg.obj
c:\multispec_win64\20170327_multispec_windows\larrymultispecd9\x64debug\multispec\wfseldlg.obj
c:\multispec_win64\20170327_multispec_windows\larrymultispecd9\x64debug\multispec\wformdlg.obj
c:\multispec_win64\20170327_multispec_windows\larrymultispecd9\x64debug\multispec\wfiledlg.obj
c:\multispec_win64\20170327_multispec_windows\larrymultispecd9\x64debug\multispec\wfextdlg.obj
c:\multispec_win64\20170327_multispec_windows\larrymultispecd9\x64debug\multispec\wfcoldlg.obj
c:\multispec_win64\20170327_multispec_windows\larrymultispecd9\x64debug\multispec\westadlg.obj
c:\multispec_win64\20170327_multispec_windows\larrymultispecd9\x64debug\multispec\wlstrdlg.sbr
c:\multispec_win64\20170327_multispec_windows\larrymultispecd9\x64debug\multispec\wmainfrm.sbr
c:\multispec_win64\20170327_multispec_windows\larrymultispecd9\x64debug\multispec\wmapcdlg.sbr
c:\multispec_win64\20170327_multispec_windows\larrymultispecd9\x64debug\multispec\wmclrdlg.sbr
c:\multispec_win64\20170327_multispec_windows\larrymultispecd9\x64debug\multispec\wmosaictwoimagesdialog.sbr
c:\multispec_win64\20170327_multispec_windows\larrymultispecd9\x64debug\multispec\wmultispec.sbr
c:\multispec_win64\20170327_multispec_windows\larrymultispecd9\x64debug\multispec\wnewclas.sbr
c:\multispec_win64\20170327_multispec_windows\larrymultispecd9\x64debug\multispec\woverlayparameterdlg.sbr
c:\multispec_win64\20170327_multispec_windows\larrymultispecd9\x64debug\multispec\wprindlg.sbr
c:\multispec_win64\20170327_multispec_windows\larrymultispecd9\x64debug\multispec\wprojdlg.sbr
c:\multispec_win64\20170327_multispec_windows\larrymultispecd9\x64debug\multispec\wprojectionpursuitdialog.sbr
c:\multispec_win64\20170327_multispec_windows\larrymultispecd9\x64debug\multispec\wrchange.sbr
c:\multispec_win64\20170327_multispec_windows\larrymultispecd9\x64debug\multispec\wrectdlg.sbr
c:\multispec_win64\20170327_multispec_windows\larrymultispecd9\x64debug\multispec\wreformatrectifydlg.sbr
c:\multispec_win64\20170327_multispec_windows\larrymultispecd9\x64debug\multispec\wreformattransformdlg.sbr
c:\multispec_win64\20170327_multispec_windows\larrymultispecd9\x64debug\multispec\wresources.sbr
c:\multispec_win64\20170327_multispec_windows\larrymultispecd9\x64debug\multispec\wrheddlg.sbr
c:\multispec_win64\20170327_multispec_windows\larrymultispecd9\x64debug\multispec\wstatdlg.sbr
c:\multispec_win64\20170327_multispec_windows\larrymultispecd9\x64debug\multispec\wstatdoc.sbr
c:\multispec_win64\20170327_multispec_windows\larrymultispecd9\x64debug\multispec\wstatfrm.sbr
c:\multispec_win64\20170327_multispec_windows\larrymultispecd9\x64debug\multispec\wstatfrm.obj
c:\multispec_win64\20170327_multispec_windows\larrymultispecd9\x64debug\multispec\wstatdoc.obj
c:\multispec_win64\20170327_multispec_windows\larrymultispecd9\x64debug\multispec\wstatdlg.obj
c:\multispec_win64\20170327_multispec_windows\larrymultispecd9\x64debug\multispec\wrheddlg.obj
c:\multispec_win64\20170327_multispec_windows\larrymultispecd9\x64debug\multispec\wresources.obj
c:\multispec_win64\20170327_multispec_windows\larrymultispecd9\x64debug\multispec\wreformattransformdlg.obj
c:\multispec_win64\20170327_multispec_windows\larrymultispecd9\x64debug\multispec\wreformatrectifydlg.obj
c:\multispec_win64\20170327_multispec_windows\larrymultispecd9\x64debug\multispec\wrectdlg.obj
c:\multispec_win64\20170327_multispec_windows\larrymultispecd9\x64debug\multispec\wrchange.obj
c:\multispec_win64\20170327_multispec_windows\larrymultispecd9\x64debug\multispec\wprojectionpursuitdialog.obj
c:\multispec_win64\20170327_multispec_windows\larrymultispecd9\x64debug\multispec\wprojdlg.obj
c:\multispec_win64\20170327_multispec_windows\larrymultispecd9\x64debug\multispec\wprindlg.obj
c:\multispec_win64\20170327_multispec_windows\larrymultispecd9\x64debug\multispec\woverlayparameterdlg.obj
c:\multispec_win64\20170327_multispec_windows\larrymultispecd9\x64debug\multispec\wnewclas.obj
c:\multispec_win64\20170327_multispec_windows\larrymultispecd9\x64debug\multispec\wmultispec.obj
c:\multispec_win64\20170327_multispec_windows\larrymultispecd9\x64debug\multispec\wmosaictwoimagesdialog.obj
c:\multispec_win64\20170327_multispec_windows\larrymultispecd9\x64debug\multispec\wmclrdlg.obj
c:\multispec_win64\20170327_multispec_windows\larrymultispecd9\x64debug\multispec\wmapcdlg.obj
c:\multispec_win64\20170327_multispec_windows\larrymultispecd9\x64debug\multispec\wmainfrm.obj
c:\multispec_win64\20170327_multispec_windows\larrymultispecd9\x64debug\multispec\wlstrdlg.obj
c:\multispec_win64\20170327_multispec_windows\larrymultispecd9\x64debug\multispec\wstathistogramspecsdlg.sbr
c:\multispec_win64\20170327_multispec_windows\larrymultispecd9\x64debug\multispec\wstatvew.sbr
c:\multispec_win64\20170327_multispec_windows\larrymultispecd9\x64debug\multispec\wtextdoc.sbr
c:\multispec_win64\20170327_multispec_windows\larrymultispecd9\x64debug\multispec\wtextfrm.sbr
c:\multispec_win64\20170327_multispec_windows\larrymultispecd9\x64debug\multispec\wtextvew.sbr
c:\multispec_win64\20170327_multispec_windows\larrymultispecd9\x64debug\multispec\wtlengend.sbr
c:\multispec_win64\20170327_multispec_windows\larrymultispecd9\x64debug\multispec\wtoolbar.sbr
c:\multispec_win64\20170327_multispec_windows\larrymultispecd9\x64debug\multispec\wtools.sbr
c:\multispec_win64\20170327_multispec_windows\larrymultispecd9\x64debug\multispec\wtrandlg.sbr
c:\multispec_win64\20170327_multispec_windows\larrymultispecd9\x64debug\multispec\wtrandlg.obj
c:\multispec_win64\20170327_multispec_windows\larrymultispecd9\x64debug\multispec\wtools.obj
c:\multispec_win64\20170327_multispec_windows\larrymultispecd9\x64debug\multispec\wtoolbar.obj
c:\multispec_win64\20170327_multispec_windows\larrymultispecd9\x64debug\multispec\wtlengend.obj
c:\multispec_win64\20170327_multispec_windows\larrymultispecd9\x64debug\multispec\wtextvew.obj
c:\multispec_win64\20170327_multispec_windows\larrymultispecd9\x64debug\multispec\wtextfrm.obj
c:\multispec_win64\20170327_multispec_windows\larrymultispecd9\x64debug\multispec\wtextdoc.obj
c:\multispec_win64\20170327_multispec_windows\larrymultispecd9\x64debug\multispec\wstatvew.obj
c:\multispec_win64\20170327_multispec_windows\larrymultispecd9\x64debug\multispec\wstathistogramspecsdlg.obj
c:\multispec_win64\20170327_multispec_windows\larrymultispecd9\multispecw64d.exe
c:\multispec_win64\20170327_multispec_windows\larrymultispecd9\multispecw64d.pdb
c:\multispec_win64\20170327_multispec_windows\larrymultispecd9\x64debug\multspec.lib
c:\multispec_win64\20170327_multispec_windows\larrymultispecd9\x64debug\multspec.exp
c:\multispec_win64\20170327_multispec_windows\larrymultispecd9\x64debug\multispec\multspec.res
c:\multispec_win64\20170327_multispec_windows\larrymultispecd9\x64debug\multispec\multspec.tlog\bscmake.command.1.tlog
c:\multispec_win64\20170327_multispec_windows\larrymultispecd9\x64debug\multispec\multspec.tlog\bscmake.read.1.tlog
c:\multispec_win64\20170327_multispec_windows\larrymultispecd9\x64debug\multispec\multspec.tlog\bscmake.write.1.tlog
c:\multispec_win64\20170327_multispec_windows\larrymultispecd9\x64debug\multispec\multspec.tlog\cl.command.1.tlog
c:\multispec_win64\20170327_multispec_windows\larrymultispecd9\x64debug\multispec\multspec.tlog\cl.read.1.tlog
c:\multispec_win64\20170327_multispec_windows\larrymultispecd9\x64debug\multispec\multspec.tlog\cl.write.1.tlog
c:\multispec_win64\20170327_multispec_windows\larrymultispecd9\x64debug\multispec\multspec.tlog\link.command.1.tlog
c:\multispec_win64\20170327_multispec_windows\larrymultispecd9\x64debug\multispec\multspec.tlog\link.read.1.tlog
c:\multispec_win64\20170327_multispec_windows\larrymultispecd9\x64debug\multispec\multspec.tlog\link.write.1.tlog
c:\multispec_win64\20170327_multispec_windows\larrymultispecd9\x64debug\multispec\multspec.tlog\multspec.write.1u.tlog
c:\multispec_win64\20170327_multispec_windows\larrymultispecd9\x64debug\multispec\multspec.tlog\rc.command.1.tlog
c:\multispec_win64\20170327_multispec_windows\larrymultispecd9\x64debug\multispec\multspec.tlog\rc.read.1.tlog
c:\multispec_win64\20170327_multispec_windows\larrymultispecd9\x64debug\multispec\multspec.tlog\rc.write.1.tlog
