C:\Program Files (x86)\MSBuild\Microsoft.Cpp\v4.0\V140\Microsoft.CppBuild.targets(368,5): warning MSB8004: Output Directory does not end with a trailing slash.  This build instance will add the slash as it is required to allow proper evaluation of the Output Directory.
  CDisplay.cpp
  CFileStr.cpp
  CHistgrm.cpp
  CImagVew.cpp
  CImagWin.cpp
  CPalette.cpp
  CProcess.cpp
  CStubs.cpp
  CUtility.cpp
  CWinInfo.cpp
  IniReader.cpp
  IniWriter.cpp
  SArcView.cpp
  SAuxEcho.cpp
  SAuxSpec.cpp
  SClasfy2.cpp
  SClassfy.cpp
  SCluster.cpp
  SClustID.cpp
  SClustSP.cpp
  Generating Code...
  Compiling...
  SCooView.cpp
  SDatFile.cpp
  SDis1624.cpp
  SDisInfo.cpp
  SDisMulc.cpp
  SDisplay.cpp
  SDisplay4_8ByteData.cpp
  SDisThem.cpp
  SDlgUtil.cpp
  SEchoSpc.cpp
  SEClssfy.cpp
  SEdtStat.cpp
  SEMemory.cpp
  SEPhase.cpp
  SFeatExt.cpp
  SFeatSel.cpp
  SFieldsT.cpp
  SFileIO.cpp
  SGaiaUtl.cpp
  SGDALInterface.cpp
  Generating Code...
  Compiling...
  SGeoTIFF.cpp
  SGrafVew.cpp
  SGraphic.cpp
  SGraUtil.cpp
  SHDF4.cpp
  SHDF5.cpp
  SHisInfo.cpp
  SHistgrm.cpp
  SImageOverlays.cpp
  SImagine.cpp
  SLooCov.cpp
  SLstData.cpp
  SLstRslt.cpp
  SMapTran.cpp
  SMask.cpp
  SMatlab.cpp
  SMatUtil.cpp
  SMemUtil.cpp
  SMenus.cpp
  SMosaic.cpp
  Generating Code...
  Compiling...
  SMul.cpp
  SNDFFormat.cpp
  SOpenDlg.cpp
  SOpnImag.cpp
  SOther.cpp
  SOutlineFields.cpp
  SPalette.cpp
  SPMatUtl.cpp
  SPrinCom.cpp
  SProcMem.cpp
  SProject.cpp
  SProjectionAlgorithms.cpp
  SProjectUtilities.cpp
  SProjFIO.cpp
  SProjPur.cpp
  SRecThem.cpp
  SRectification.cpp
  SReform1.cpp
  SReform2.cpp
  SRegistration.cpp
  Generating Code...
  Compiling...
  SSaveWrt.cpp
  SSelectionUtility.cpp
  SSelGraf.cpp
  SShapeToThematic.cpp
  SStatCom.cpp
  SStatEnh.cpp
  SStatHistogram.cpp
  SStatist.cpp
  SStatLst.cpp
  SStrings.cpp
  SThemWin.cpp
  SThreads.cpp
  SUtility.cpp
  SWindow.cpp
  SWinInfo.cpp
  W1ColDlg.cpp
  WAbout.cpp
  WApdFDlg.cpp
  WBiPlotDialog.cpp
  WCCemDlg.cpp
  Generating Code...
  Compiling...
  WCChnDlg.cpp
  WCCorDlg.cpp
  WChanDlg.cpp
  WCLasDlg.cpp
  WClassGroupDialog.cpp
  WClIDDlg.cpp
  WClsfDlg.cpp
  WClSPDlg.cpp
  WClusDlg.cpp
  WCoorBar.cpp
  WCovEDlg.cpp
  WCPWtDlg.cpp
  WCsGpDlg.cpp
  WCWtDlg.cpp
  WDialog.cpp
  WDisplayMultispectralDialog.cpp
  WDisplayThematicDialog.cpp
  WDMinDlg.cpp
  WDrawObj.cpp
  WEchoDlg.cpp
  Generating Code...
  Compiling...
  WEStaDlg.cpp
  WFColDlg.cpp
  WFExtDlg.cpp
  WFileDlg.cpp
  WFormDlg.cpp
  WFSelDlg.cpp
  WFToTDlg.cpp
  WGaussianParameterDlg.cpp
  WGrafDoc.cpp
  WGrafFrm.cpp
  WHistDlg.cpp
  WImagDoc.cpp
  WImageSplitterWnd.cpp
  WImagFrm.cpp
  WImagVew.cpp
  WLegendList.cpp
  WLiOpDlg.cpp
  WListBox.cpp
  WLOOMDlg.cpp
  WLstDDlg.cpp
  Generating Code...
  Compiling...
  WLstRDlg.cpp
  WMainFrm.cpp
  WMapCDlg.cpp
  WMClrDlg.cpp
  WMosaicTwoImagesDialog.cpp
  WMultiSpec.cpp
  WNewClas.cpp
  WOverlayParameterDlg.cpp
  WPrinDlg.cpp
  WProjDlg.cpp
  WProjectionPursuitDialog.cpp
  WRChange.cpp
  WRecTDlg.cpp
  WReformatRectifyDlg.cpp
  WReformatTransformDlg.cpp
  WResources.cpp
  WRHedDlg.cpp
  WStatDlg.cpp
  WStatDoc.cpp
  WStatFrm.cpp
  Generating Code...
  Compiling...
  WStatHistogramSpecsDlg.cpp
  WStatVew.cpp
  WTextDoc.cpp
  WTextFrm.cpp
  WTextVew.cpp
  WTLengend.cpp
  WToolBar.cpp
  WTools.cpp
  WTranDlg.cpp
  Generating Code...
C:\Program Files (x86)\MSBuild\Microsoft.Cpp\v4.0\V140\Microsoft.CppBuild.targets(1189,5): warning MSB8012: TargetPath(C:\multispec_win64\20170327_MultiSpec_Windows\LarryMultiSpecD9\x64Debug\MULTSPEC.exe) does not match the Linker's OutputFile property value (C:\multispec_win64\20170327_MultiSpec_Windows\LarryMultiSpecD9\MultispecW64d.exe). This may cause your project to build incorrectly. To correct this, please make sure that $(OutDir), $(TargetName) and $(TargetExt) property values match the value specified in %(Link.OutputFile).
C:\Program Files (x86)\MSBuild\Microsoft.Cpp\v4.0\V140\Microsoft.CppBuild.targets(1191,5): warning MSB8012: TargetName(MULTSPEC) does not match the Linker's OutputFile property value (MultispecW64d). This may cause your project to build incorrectly. To correct this, please make sure that $(OutDir), $(TargetName) and $(TargetExt) property values match the value specified in %(Link.OutputFile).
  multspec.vcxproj -> C:\multispec_win64\20170327_MultiSpec_Windows\LarryMultiSpecD9\x64Debug\MULTSPEC.exe
  multspec.vcxproj -> .\MultispecW64d.pdb (Full PDB)
