c:\multispec_win64\20170327_multispec_windows\larrymultispecd9\x64release\multispec\vc140.pdb
c:\multispec_win64\20170327_multispec_windows\larrymultispecd9\x64release\multispec\sclustsp.obj
c:\multispec_win64\20170327_multispec_windows\larrymultispecd9\x64release\multispec\sclustid.obj
c:\multispec_win64\20170327_multispec_windows\larrymultispecd9\x64release\multispec\scluster.obj
c:\multispec_win64\20170327_multispec_windows\larrymultispecd9\x64release\multispec\sclassfy.obj
c:\multispec_win64\20170327_multispec_windows\larrymultispecd9\x64release\multispec\sclasfy2.obj
c:\multispec_win64\20170327_multispec_windows\larrymultispecd9\x64release\multispec\sauxspec.obj
c:\multispec_win64\20170327_multispec_windows\larrymultispecd9\x64release\multispec\sauxecho.obj
c:\multispec_win64\20170327_multispec_windows\larrymultispecd9\x64release\multispec\sarcview.obj
c:\multispec_win64\20170327_multispec_windows\larrymultispecd9\x64release\multispec\iniwriter.obj
c:\multispec_win64\20170327_multispec_windows\larrymultispecd9\x64release\multispec\inireader.obj
c:\multispec_win64\20170327_multispec_windows\larrymultispecd9\x64release\multispec\cwininfo.obj
c:\multispec_win64\20170327_multispec_windows\larrymultispecd9\x64release\multispec\cutility.obj
c:\multispec_win64\20170327_multispec_windows\larrymultispecd9\x64release\multispec\cstubs.obj
c:\multispec_win64\20170327_multispec_windows\larrymultispecd9\x64release\multispec\cprocess.obj
c:\multispec_win64\20170327_multispec_windows\larrymultispecd9\x64release\multispec\cpalette.obj
c:\multispec_win64\20170327_multispec_windows\larrymultispecd9\x64release\multispec\cimagwin.obj
c:\multispec_win64\20170327_multispec_windows\larrymultispecd9\x64release\multispec\cimagvew.obj
c:\multispec_win64\20170327_multispec_windows\larrymultispecd9\x64release\multispec\chistgrm.obj
c:\multispec_win64\20170327_multispec_windows\larrymultispecd9\x64release\multispec\cfilestr.obj
c:\multispec_win64\20170327_multispec_windows\larrymultispecd9\x64release\multispec\cdisplay.obj
c:\multispec_win64\20170327_multispec_windows\larrymultispecd9\x64release\multispec\sgdalinterface.obj
c:\multispec_win64\20170327_multispec_windows\larrymultispecd9\x64release\multispec\sgaiautl.obj
c:\multispec_win64\20170327_multispec_windows\larrymultispecd9\x64release\multispec\sfileio.obj
c:\multispec_win64\20170327_multispec_windows\larrymultispecd9\x64release\multispec\sfieldst.obj
c:\multispec_win64\20170327_multispec_windows\larrymultispecd9\x64release\multispec\sfeatsel.obj
c:\multispec_win64\20170327_multispec_windows\larrymultispecd9\x64release\multispec\sfeatext.obj
c:\multispec_win64\20170327_multispec_windows\larrymultispecd9\x64release\multispec\sephase.obj
c:\multispec_win64\20170327_multispec_windows\larrymultispecd9\x64release\multispec\sememory.obj
c:\multispec_win64\20170327_multispec_windows\larrymultispecd9\x64release\multispec\sedtstat.obj
c:\multispec_win64\20170327_multispec_windows\larrymultispecd9\x64release\multispec\seclssfy.obj
c:\multispec_win64\20170327_multispec_windows\larrymultispecd9\x64release\multispec\sechospc.obj
c:\multispec_win64\20170327_multispec_windows\larrymultispecd9\x64release\multispec\sdlgutil.obj
c:\multispec_win64\20170327_multispec_windows\larrymultispecd9\x64release\multispec\sdisthem.obj
c:\multispec_win64\20170327_multispec_windows\larrymultispecd9\x64release\multispec\sdisplay4_8bytedata.obj
c:\multispec_win64\20170327_multispec_windows\larrymultispecd9\x64release\multispec\sdisplay.obj
c:\multispec_win64\20170327_multispec_windows\larrymultispecd9\x64release\multispec\sdismulc.obj
c:\multispec_win64\20170327_multispec_windows\larrymultispecd9\x64release\multispec\sdisinfo.obj
c:\multispec_win64\20170327_multispec_windows\larrymultispecd9\x64release\multispec\sdis1624.obj
c:\multispec_win64\20170327_multispec_windows\larrymultispecd9\x64release\multispec\sdatfile.obj
c:\multispec_win64\20170327_multispec_windows\larrymultispecd9\x64release\multispec\scooview.obj
c:\multispec_win64\20170327_multispec_windows\larrymultispecd9\x64release\multispec\smosaic.obj
c:\multispec_win64\20170327_multispec_windows\larrymultispecd9\x64release\multispec\smenus.obj
c:\multispec_win64\20170327_multispec_windows\larrymultispecd9\x64release\multispec\smemutil.obj
c:\multispec_win64\20170327_multispec_windows\larrymultispecd9\x64release\multispec\smatutil.obj
c:\multispec_win64\20170327_multispec_windows\larrymultispecd9\x64release\multispec\smatlab.obj
c:\multispec_win64\20170327_multispec_windows\larrymultispecd9\x64release\multispec\smask.obj
c:\multispec_win64\20170327_multispec_windows\larrymultispecd9\x64release\multispec\smaptran.obj
c:\multispec_win64\20170327_multispec_windows\larrymultispecd9\x64release\multispec\slstrslt.obj
c:\multispec_win64\20170327_multispec_windows\larrymultispecd9\x64release\multispec\slstdata.obj
c:\multispec_win64\20170327_multispec_windows\larrymultispecd9\x64release\multispec\sloocov.obj
c:\multispec_win64\20170327_multispec_windows\larrymultispecd9\x64release\multispec\simagine.obj
c:\multispec_win64\20170327_multispec_windows\larrymultispecd9\x64release\multispec\simageoverlays.obj
c:\multispec_win64\20170327_multispec_windows\larrymultispecd9\x64release\multispec\shistgrm.obj
c:\multispec_win64\20170327_multispec_windows\larrymultispecd9\x64release\multispec\shisinfo.obj
c:\multispec_win64\20170327_multispec_windows\larrymultispecd9\x64release\multispec\shdf5.obj
c:\multispec_win64\20170327_multispec_windows\larrymultispecd9\x64release\multispec\shdf4.obj
c:\multispec_win64\20170327_multispec_windows\larrymultispecd9\x64release\multispec\sgrautil.obj
c:\multispec_win64\20170327_multispec_windows\larrymultispecd9\x64release\multispec\sgraphic.obj
c:\multispec_win64\20170327_multispec_windows\larrymultispecd9\x64release\multispec\sgrafvew.obj
c:\multispec_win64\20170327_multispec_windows\larrymultispecd9\x64release\multispec\sgeotiff.obj
c:\multispec_win64\20170327_multispec_windows\larrymultispecd9\x64release\multispec\sregistration.obj
c:\multispec_win64\20170327_multispec_windows\larrymultispecd9\x64release\multispec\sreform2.obj
c:\multispec_win64\20170327_multispec_windows\larrymultispecd9\x64release\multispec\sreform1.obj
c:\multispec_win64\20170327_multispec_windows\larrymultispecd9\x64release\multispec\srectification.obj
c:\multispec_win64\20170327_multispec_windows\larrymultispecd9\x64release\multispec\srecthem.obj
c:\multispec_win64\20170327_multispec_windows\larrymultispecd9\x64release\multispec\sprojpur.obj
c:\multispec_win64\20170327_multispec_windows\larrymultispecd9\x64release\multispec\sprojfio.obj
c:\multispec_win64\20170327_multispec_windows\larrymultispecd9\x64release\multispec\sprojectutilities.obj
c:\multispec_win64\20170327_multispec_windows\larrymultispecd9\x64release\multispec\sprojectionalgorithms.obj
c:\multispec_win64\20170327_multispec_windows\larrymultispecd9\x64release\multispec\sproject.obj
c:\multispec_win64\20170327_multispec_windows\larrymultispecd9\x64release\multispec\sprocmem.obj
c:\multispec_win64\20170327_multispec_windows\larrymultispecd9\x64release\multispec\sprincom.obj
c:\multispec_win64\20170327_multispec_windows\larrymultispecd9\x64release\multispec\spmatutl.obj
c:\multispec_win64\20170327_multispec_windows\larrymultispecd9\x64release\multispec\spalette.obj
c:\multispec_win64\20170327_multispec_windows\larrymultispecd9\x64release\multispec\soutlinefields.obj
c:\multispec_win64\20170327_multispec_windows\larrymultispecd9\x64release\multispec\sother.obj
c:\multispec_win64\20170327_multispec_windows\larrymultispecd9\x64release\multispec\sopnimag.obj
c:\multispec_win64\20170327_multispec_windows\larrymultispecd9\x64release\multispec\sopendlg.obj
c:\multispec_win64\20170327_multispec_windows\larrymultispecd9\x64release\multispec\sndfformat.obj
c:\multispec_win64\20170327_multispec_windows\larrymultispecd9\x64release\multispec\smul.obj
c:\multispec_win64\20170327_multispec_windows\larrymultispecd9\x64release\multispec\wcchndlg.obj
c:\multispec_win64\20170327_multispec_windows\larrymultispecd9\x64release\multispec\wccemdlg.obj
c:\multispec_win64\20170327_multispec_windows\larrymultispecd9\x64release\multispec\wbiplotdialog.obj
c:\multispec_win64\20170327_multispec_windows\larrymultispecd9\x64release\multispec\wapdfdlg.obj
c:\multispec_win64\20170327_multispec_windows\larrymultispecd9\x64release\multispec\wabout.obj
c:\multispec_win64\20170327_multispec_windows\larrymultispecd9\x64release\multispec\w1coldlg.obj
c:\multispec_win64\20170327_multispec_windows\larrymultispecd9\x64release\multispec\swininfo.obj
c:\multispec_win64\20170327_multispec_windows\larrymultispecd9\x64release\multispec\swindow.obj
c:\multispec_win64\20170327_multispec_windows\larrymultispecd9\x64release\multispec\sutility.obj
c:\multispec_win64\20170327_multispec_windows\larrymultispecd9\x64release\multispec\sthreads.obj
c:\multispec_win64\20170327_multispec_windows\larrymultispecd9\x64release\multispec\sthemwin.obj
c:\multispec_win64\20170327_multispec_windows\larrymultispecd9\x64release\multispec\sstatlst.obj
c:\multispec_win64\20170327_multispec_windows\larrymultispecd9\x64release\multispec\sstatist.obj
c:\multispec_win64\20170327_multispec_windows\larrymultispecd9\x64release\multispec\sstathistogram.obj
c:\multispec_win64\20170327_multispec_windows\larrymultispecd9\x64release\multispec\sstatenh.obj
c:\multispec_win64\20170327_multispec_windows\larrymultispecd9\x64release\multispec\sstatcom.obj
c:\multispec_win64\20170327_multispec_windows\larrymultispecd9\x64release\multispec\sshapetothematic.obj
c:\multispec_win64\20170327_multispec_windows\larrymultispecd9\x64release\multispec\sselgraf.obj
c:\multispec_win64\20170327_multispec_windows\larrymultispecd9\x64release\multispec\sselectionutility.obj
c:\multispec_win64\20170327_multispec_windows\larrymultispecd9\x64release\multispec\ssavewrt.obj
c:\multispec_win64\20170327_multispec_windows\larrymultispecd9\x64release\multispec\westadlg.obj
c:\multispec_win64\20170327_multispec_windows\larrymultispecd9\x64release\multispec\wechodlg.obj
c:\multispec_win64\20170327_multispec_windows\larrymultispecd9\x64release\multispec\wdrawobj.obj
c:\multispec_win64\20170327_multispec_windows\larrymultispecd9\x64release\multispec\wdmindlg.obj
c:\multispec_win64\20170327_multispec_windows\larrymultispecd9\x64release\multispec\wdisplaythematicdialog.obj
c:\multispec_win64\20170327_multispec_windows\larrymultispecd9\x64release\multispec\wdisplaymultispectraldialog.obj
c:\multispec_win64\20170327_multispec_windows\larrymultispecd9\x64release\multispec\wdialog.obj
c:\multispec_win64\20170327_multispec_windows\larrymultispecd9\x64release\multispec\wcwtdlg.obj
c:\multispec_win64\20170327_multispec_windows\larrymultispecd9\x64release\multispec\wcsgpdlg.obj
c:\multispec_win64\20170327_multispec_windows\larrymultispecd9\x64release\multispec\wcpwtdlg.obj
c:\multispec_win64\20170327_multispec_windows\larrymultispecd9\x64release\multispec\wcovedlg.obj
c:\multispec_win64\20170327_multispec_windows\larrymultispecd9\x64release\multispec\wcoorbar.obj
c:\multispec_win64\20170327_multispec_windows\larrymultispecd9\x64release\multispec\wclusdlg.obj
c:\multispec_win64\20170327_multispec_windows\larrymultispecd9\x64release\multispec\wclspdlg.obj
c:\multispec_win64\20170327_multispec_windows\larrymultispecd9\x64release\multispec\wclsfdlg.obj
c:\multispec_win64\20170327_multispec_windows\larrymultispecd9\x64release\multispec\wcliddlg.obj
c:\multispec_win64\20170327_multispec_windows\larrymultispecd9\x64release\multispec\wclassgroupdialog.obj
c:\multispec_win64\20170327_multispec_windows\larrymultispecd9\x64release\multispec\wclasdlg.obj
c:\multispec_win64\20170327_multispec_windows\larrymultispecd9\x64release\multispec\wchandlg.obj
c:\multispec_win64\20170327_multispec_windows\larrymultispecd9\x64release\multispec\wccordlg.obj
c:\multispec_win64\20170327_multispec_windows\larrymultispecd9\x64release\multispec\wlstrdlg.obj
c:\multispec_win64\20170327_multispec_windows\larrymultispecd9\x64release\multispec\wlstddlg.obj
c:\multispec_win64\20170327_multispec_windows\larrymultispecd9\x64release\multispec\wloomdlg.obj
c:\multispec_win64\20170327_multispec_windows\larrymultispecd9\x64release\multispec\wlistbox.obj
c:\multispec_win64\20170327_multispec_windows\larrymultispecd9\x64release\multispec\wliopdlg.obj
c:\multispec_win64\20170327_multispec_windows\larrymultispecd9\x64release\multispec\wlegendlist.obj
c:\multispec_win64\20170327_multispec_windows\larrymultispecd9\x64release\multispec\wimagvew.obj
c:\multispec_win64\20170327_multispec_windows\larrymultispecd9\x64release\multispec\wimagfrm.obj
c:\multispec_win64\20170327_multispec_windows\larrymultispecd9\x64release\multispec\wimagesplitterwnd.obj
c:\multispec_win64\20170327_multispec_windows\larrymultispecd9\x64release\multispec\wimagdoc.obj
c:\multispec_win64\20170327_multispec_windows\larrymultispecd9\x64release\multispec\whistdlg.obj
c:\multispec_win64\20170327_multispec_windows\larrymultispecd9\x64release\multispec\wgraffrm.obj
c:\multispec_win64\20170327_multispec_windows\larrymultispecd9\x64release\multispec\wgrafdoc.obj
c:\multispec_win64\20170327_multispec_windows\larrymultispecd9\x64release\multispec\wgaussianparameterdlg.obj
c:\multispec_win64\20170327_multispec_windows\larrymultispecd9\x64release\multispec\wftotdlg.obj
c:\multispec_win64\20170327_multispec_windows\larrymultispecd9\x64release\multispec\wfseldlg.obj
c:\multispec_win64\20170327_multispec_windows\larrymultispecd9\x64release\multispec\wformdlg.obj
c:\multispec_win64\20170327_multispec_windows\larrymultispecd9\x64release\multispec\wfiledlg.obj
c:\multispec_win64\20170327_multispec_windows\larrymultispecd9\x64release\multispec\wfextdlg.obj
c:\multispec_win64\20170327_multispec_windows\larrymultispecd9\x64release\multispec\wfcoldlg.obj
c:\multispec_win64\20170327_multispec_windows\larrymultispecd9\x64release\multispec\wstathistogramspecsdlg.obj
c:\multispec_win64\20170327_multispec_windows\larrymultispecd9\x64release\multispec\wstatfrm.obj
c:\multispec_win64\20170327_multispec_windows\larrymultispecd9\x64release\multispec\wstatdoc.obj
c:\multispec_win64\20170327_multispec_windows\larrymultispecd9\x64release\multispec\wstatdlg.obj
c:\multispec_win64\20170327_multispec_windows\larrymultispecd9\x64release\multispec\wrheddlg.obj
c:\multispec_win64\20170327_multispec_windows\larrymultispecd9\x64release\multispec\wresources.obj
c:\multispec_win64\20170327_multispec_windows\larrymultispecd9\x64release\multispec\wreformattransformdlg.obj
c:\multispec_win64\20170327_multispec_windows\larrymultispecd9\x64release\multispec\wreformatrectifydlg.obj
c:\multispec_win64\20170327_multispec_windows\larrymultispecd9\x64release\multispec\wrectdlg.obj
c:\multispec_win64\20170327_multispec_windows\larrymultispecd9\x64release\multispec\wrchange.obj
c:\multispec_win64\20170327_multispec_windows\larrymultispecd9\x64release\multispec\wprojectionpursuitdialog.obj
c:\multispec_win64\20170327_multispec_windows\larrymultispecd9\x64release\multispec\wprojdlg.obj
c:\multispec_win64\20170327_multispec_windows\larrymultispecd9\x64release\multispec\wprindlg.obj
c:\multispec_win64\20170327_multispec_windows\larrymultispecd9\x64release\multispec\woverlayparameterdlg.obj
c:\multispec_win64\20170327_multispec_windows\larrymultispecd9\x64release\multispec\wnewclas.obj
c:\multispec_win64\20170327_multispec_windows\larrymultispecd9\x64release\multispec\wmultispec.obj
c:\multispec_win64\20170327_multispec_windows\larrymultispecd9\x64release\multispec\wmosaictwoimagesdialog.obj
c:\multispec_win64\20170327_multispec_windows\larrymultispecd9\x64release\multispec\wmclrdlg.obj
c:\multispec_win64\20170327_multispec_windows\larrymultispecd9\x64release\multispec\wmapcdlg.obj
c:\multispec_win64\20170327_multispec_windows\larrymultispecd9\x64release\multispec\wmainfrm.obj
c:\multispec_win64\20170327_multispec_windows\larrymultispecd9\x64release\multispec\wtrandlg.obj
c:\multispec_win64\20170327_multispec_windows\larrymultispecd9\x64release\multispec\wtools.obj
c:\multispec_win64\20170327_multispec_windows\larrymultispecd9\x64release\multispec\wtoolbar.obj
c:\multispec_win64\20170327_multispec_windows\larrymultispecd9\x64release\multispec\wtlengend.obj
c:\multispec_win64\20170327_multispec_windows\larrymultispecd9\x64release\multispec\wtextvew.obj
c:\multispec_win64\20170327_multispec_windows\larrymultispecd9\x64release\multispec\wtextfrm.obj
c:\multispec_win64\20170327_multispec_windows\larrymultispecd9\x64release\multispec\wtextdoc.obj
c:\multispec_win64\20170327_multispec_windows\larrymultispecd9\x64release\multispec\wstatvew.obj
c:\multispec_win64\20170327_multispec_windows\larrymultispecd9\x64release\multispec\sstrings.obj
c:\multispec_win64\20170327_multispec_windows\larrymultispecd9\multispecw64.exe
c:\multispec_win64\20170327_multispec_windows\larrymultispecd9\multispecw64.pdb
c:\multispec_win64\20170327_multispec_windows\larrymultispecd9\multispecw64.lib
c:\multispec_win64\20170327_multispec_windows\larrymultispecd9\multispecw64.exp
c:\multispec_win64\20170327_multispec_windows\larrymultispecd9\x64release\multspec.res
c:\multispec_win64\20170327_multispec_windows\larrymultispecd9\.\multispecw64.exe
c:\multispec_win64\20170327_multispec_windows\larrymultispecd9\x64release\multspec.tlog\cl.command.1.tlog
c:\multispec_win64\20170327_multispec_windows\larrymultispecd9\x64release\multspec.tlog\cl.read.1.tlog
c:\multispec_win64\20170327_multispec_windows\larrymultispecd9\x64release\multspec.tlog\cl.write.1.tlog
c:\multispec_win64\20170327_multispec_windows\larrymultispecd9\x64release\multspec.tlog\link.command.1.tlog
c:\multispec_win64\20170327_multispec_windows\larrymultispecd9\x64release\multspec.tlog\link.read.1.tlog
c:\multispec_win64\20170327_multispec_windows\larrymultispecd9\x64release\multspec.tlog\link.write.1.tlog
c:\multispec_win64\20170327_multispec_windows\larrymultispecd9\x64release\multspec.tlog\multspec.write.1u.tlog
c:\multispec_win64\20170327_multispec_windows\larrymultispecd9\x64release\multspec.tlog\rc.command.1.tlog
c:\multispec_win64\20170327_multispec_windows\larrymultispecd9\x64release\multspec.tlog\rc.read.1.tlog
c:\multispec_win64\20170327_multispec_windows\larrymultispecd9\x64release\multspec.tlog\rc.write.1.tlog
