c:\multispec_win64\20170327_multispec_windows\larrymultispecd9\multispecw64d.bsc
c:\multispec_win64\20170327_multispec_windows\larrymultispecd9\x64debug\multispec\vc140.pdb
c:\multispec_win64\20170327_multispec_windows\larrymultispecd9\x64debug\cdisplay.sbr
c:\multispec_win64\20170327_multispec_windows\larrymultispecd9\x64debug\cfilestr.sbr
c:\multispec_win64\20170327_multispec_windows\larrymultispecd9\x64debug\chistgrm.sbr
c:\multispec_win64\20170327_multispec_windows\larrymultispecd9\x64debug\cimagvew.sbr
c:\multispec_win64\20170327_multispec_windows\larrymultispecd9\x64debug\cimagwin.sbr
c:\multispec_win64\20170327_multispec_windows\larrymultispecd9\x64debug\cpalette.sbr
c:\multispec_win64\20170327_multispec_windows\larrymultispecd9\x64debug\cprocess.sbr
c:\multispec_win64\20170327_multispec_windows\larrymultispecd9\x64debug\cstubs.sbr
c:\multispec_win64\20170327_multispec_windows\larrymultispecd9\x64debug\cutility.sbr
c:\multispec_win64\20170327_multispec_windows\larrymultispecd9\x64debug\cwininfo.sbr
c:\multispec_win64\20170327_multispec_windows\larrymultispecd9\x64debug\inireader.sbr
c:\multispec_win64\20170327_multispec_windows\larrymultispecd9\x64debug\iniwriter.sbr
c:\multispec_win64\20170327_multispec_windows\larrymultispecd9\x64debug\sarcview.sbr
c:\multispec_win64\20170327_multispec_windows\larrymultispecd9\x64debug\sauxecho.sbr
c:\multispec_win64\20170327_multispec_windows\larrymultispecd9\x64debug\sauxspec.sbr
c:\multispec_win64\20170327_multispec_windows\larrymultispecd9\x64debug\sbiplotdata.sbr
c:\multispec_win64\20170327_multispec_windows\larrymultispecd9\x64debug\sclasfy2.sbr
c:\multispec_win64\20170327_multispec_windows\larrymultispecd9\x64debug\sclassfy.sbr
c:\multispec_win64\20170327_multispec_windows\larrymultispecd9\x64debug\scluster.sbr
c:\multispec_win64\20170327_multispec_windows\larrymultispecd9\x64debug\sclustid.sbr
c:\multispec_win64\20170327_multispec_windows\larrymultispecd9\x64debug\multispec\sclustid.obj
c:\multispec_win64\20170327_multispec_windows\larrymultispecd9\x64debug\multispec\scluster.obj
c:\multispec_win64\20170327_multispec_windows\larrymultispecd9\x64debug\multispec\sclassfy.obj
c:\multispec_win64\20170327_multispec_windows\larrymultispecd9\x64debug\multispec\sclasfy2.obj
c:\multispec_win64\20170327_multispec_windows\larrymultispecd9\x64debug\multispec\sbiplotdata.obj
c:\multispec_win64\20170327_multispec_windows\larrymultispecd9\x64debug\multispec\sauxspec.obj
c:\multispec_win64\20170327_multispec_windows\larrymultispecd9\x64debug\multispec\sauxecho.obj
c:\multispec_win64\20170327_multispec_windows\larrymultispecd9\x64debug\multispec\sarcview.obj
c:\multispec_win64\20170327_multispec_windows\larrymultispecd9\x64debug\multispec\iniwriter.obj
c:\multispec_win64\20170327_multispec_windows\larrymultispecd9\x64debug\multispec\inireader.obj
c:\multispec_win64\20170327_multispec_windows\larrymultispecd9\x64debug\multispec\cwininfo.obj
c:\multispec_win64\20170327_multispec_windows\larrymultispecd9\x64debug\multispec\cutility.obj
c:\multispec_win64\20170327_multispec_windows\larrymultispecd9\x64debug\multispec\cstubs.obj
c:\multispec_win64\20170327_multispec_windows\larrymultispecd9\x64debug\multispec\cprocess.obj
c:\multispec_win64\20170327_multispec_windows\larrymultispecd9\x64debug\multispec\cpalette.obj
c:\multispec_win64\20170327_multispec_windows\larrymultispecd9\x64debug\multispec\cimagwin.obj
c:\multispec_win64\20170327_multispec_windows\larrymultispecd9\x64debug\multispec\cimagvew.obj
c:\multispec_win64\20170327_multispec_windows\larrymultispecd9\x64debug\multispec\chistgrm.obj
c:\multispec_win64\20170327_multispec_windows\larrymultispecd9\x64debug\multispec\cfilestr.obj
c:\multispec_win64\20170327_multispec_windows\larrymultispecd9\x64debug\multispec\cdisplay.obj
c:\multispec_win64\20170327_multispec_windows\larrymultispecd9\x64debug\sclustsp.sbr
c:\multispec_win64\20170327_multispec_windows\larrymultispecd9\x64debug\scooview.sbr
c:\multispec_win64\20170327_multispec_windows\larrymultispecd9\x64debug\sdatfile.sbr
c:\multispec_win64\20170327_multispec_windows\larrymultispecd9\x64debug\sdis1624.sbr
c:\multispec_win64\20170327_multispec_windows\larrymultispecd9\x64debug\sdisinfo.sbr
c:\multispec_win64\20170327_multispec_windows\larrymultispecd9\x64debug\sdismulc.sbr
c:\multispec_win64\20170327_multispec_windows\larrymultispecd9\x64debug\sdisplay.sbr
c:\multispec_win64\20170327_multispec_windows\larrymultispecd9\x64debug\sdisplay4_8bytedata.sbr
c:\multispec_win64\20170327_multispec_windows\larrymultispecd9\x64debug\sdisthem.sbr
c:\multispec_win64\20170327_multispec_windows\larrymultispecd9\x64debug\sdlgutil.sbr
c:\multispec_win64\20170327_multispec_windows\larrymultispecd9\x64debug\sechospc.sbr
c:\multispec_win64\20170327_multispec_windows\larrymultispecd9\x64debug\seclssfy.sbr
c:\multispec_win64\20170327_multispec_windows\larrymultispecd9\x64debug\sedtstat.sbr
c:\multispec_win64\20170327_multispec_windows\larrymultispecd9\x64debug\sememory.sbr
c:\multispec_win64\20170327_multispec_windows\larrymultispecd9\x64debug\sephase.sbr
c:\multispec_win64\20170327_multispec_windows\larrymultispecd9\x64debug\sfeatext.sbr
c:\multispec_win64\20170327_multispec_windows\larrymultispecd9\x64debug\sfeatsel.sbr
c:\multispec_win64\20170327_multispec_windows\larrymultispecd9\x64debug\sfieldst.sbr
c:\multispec_win64\20170327_multispec_windows\larrymultispecd9\x64debug\sfileio.sbr
c:\multispec_win64\20170327_multispec_windows\larrymultispecd9\x64debug\sgaiautl.sbr
c:\multispec_win64\20170327_multispec_windows\larrymultispecd9\x64debug\multispec\sgaiautl.obj
c:\multispec_win64\20170327_multispec_windows\larrymultispecd9\x64debug\multispec\sfileio.obj
c:\multispec_win64\20170327_multispec_windows\larrymultispecd9\x64debug\multispec\sfieldst.obj
c:\multispec_win64\20170327_multispec_windows\larrymultispecd9\x64debug\multispec\sfeatsel.obj
c:\multispec_win64\20170327_multispec_windows\larrymultispecd9\x64debug\multispec\sfeatext.obj
c:\multispec_win64\20170327_multispec_windows\larrymultispecd9\x64debug\multispec\sephase.obj
c:\multispec_win64\20170327_multispec_windows\larrymultispecd9\x64debug\multispec\sememory.obj
c:\multispec_win64\20170327_multispec_windows\larrymultispecd9\x64debug\multispec\sedtstat.obj
c:\multispec_win64\20170327_multispec_windows\larrymultispecd9\x64debug\multispec\seclssfy.obj
c:\multispec_win64\20170327_multispec_windows\larrymultispecd9\x64debug\multispec\sechospc.obj
c:\multispec_win64\20170327_multispec_windows\larrymultispecd9\x64debug\multispec\sdlgutil.obj
c:\multispec_win64\20170327_multispec_windows\larrymultispecd9\x64debug\multispec\sdisthem.obj
c:\multispec_win64\20170327_multispec_windows\larrymultispecd9\x64debug\multispec\sdisplay4_8bytedata.obj
c:\multispec_win64\20170327_multispec_windows\larrymultispecd9\x64debug\multispec\sdisplay.obj
c:\multispec_win64\20170327_multispec_windows\larrymultispecd9\x64debug\multispec\sdismulc.obj
c:\multispec_win64\20170327_multispec_windows\larrymultispecd9\x64debug\multispec\sdisinfo.obj
c:\multispec_win64\20170327_multispec_windows\larrymultispecd9\x64debug\multispec\sdis1624.obj
c:\multispec_win64\20170327_multispec_windows\larrymultispecd9\x64debug\multispec\sdatfile.obj
c:\multispec_win64\20170327_multispec_windows\larrymultispecd9\x64debug\multispec\scooview.obj
c:\multispec_win64\20170327_multispec_windows\larrymultispecd9\x64debug\multispec\sclustsp.obj
c:\multispec_win64\20170327_multispec_windows\larrymultispecd9\x64debug\sgdalinterface.sbr
c:\multispec_win64\20170327_multispec_windows\larrymultispecd9\x64debug\sgeotiff.sbr
c:\multispec_win64\20170327_multispec_windows\larrymultispecd9\x64debug\sgrafvew.sbr
c:\multispec_win64\20170327_multispec_windows\larrymultispecd9\x64debug\sgraphic.sbr
c:\multispec_win64\20170327_multispec_windows\larrymultispecd9\x64debug\sgrautil.sbr
c:\multispec_win64\20170327_multispec_windows\larrymultispecd9\x64debug\shdf4.sbr
c:\multispec_win64\20170327_multispec_windows\larrymultispecd9\x64debug\shdf5.sbr
c:\multispec_win64\20170327_multispec_windows\larrymultispecd9\x64debug\shisinfo.sbr
c:\multispec_win64\20170327_multispec_windows\larrymultispecd9\x64debug\shistgrm.sbr
c:\multispec_win64\20170327_multispec_windows\larrymultispecd9\x64debug\simageoverlays.sbr
c:\multispec_win64\20170327_multispec_windows\larrymultispecd9\x64debug\simagine.sbr
c:\multispec_win64\20170327_multispec_windows\larrymultispecd9\x64debug\sloocov.sbr
c:\multispec_win64\20170327_multispec_windows\larrymultispecd9\x64debug\slstdata.sbr
c:\multispec_win64\20170327_multispec_windows\larrymultispecd9\x64debug\slstrslt.sbr
c:\multispec_win64\20170327_multispec_windows\larrymultispecd9\x64debug\smaptran.sbr
c:\multispec_win64\20170327_multispec_windows\larrymultispecd9\x64debug\smask.sbr
c:\multispec_win64\20170327_multispec_windows\larrymultispecd9\x64debug\smatlab.sbr
c:\multispec_win64\20170327_multispec_windows\larrymultispecd9\x64debug\smatutil.sbr
c:\multispec_win64\20170327_multispec_windows\larrymultispecd9\x64debug\smemutil.sbr
c:\multispec_win64\20170327_multispec_windows\larrymultispecd9\x64debug\smenus.sbr
c:\multispec_win64\20170327_multispec_windows\larrymultispecd9\x64debug\multispec\smenus.obj
c:\multispec_win64\20170327_multispec_windows\larrymultispecd9\x64debug\multispec\smemutil.obj
c:\multispec_win64\20170327_multispec_windows\larrymultispecd9\x64debug\multispec\smatutil.obj
c:\multispec_win64\20170327_multispec_windows\larrymultispecd9\x64debug\multispec\smatlab.obj
c:\multispec_win64\20170327_multispec_windows\larrymultispecd9\x64debug\multispec\smask.obj
c:\multispec_win64\20170327_multispec_windows\larrymultispecd9\x64debug\multispec\smaptran.obj
c:\multispec_win64\20170327_multispec_windows\larrymultispecd9\x64debug\multispec\slstrslt.obj
c:\multispec_win64\20170327_multispec_windows\larrymultispecd9\x64debug\multispec\slstdata.obj
c:\multispec_win64\20170327_multispec_windows\larrymultispecd9\x64debug\multispec\sloocov.obj
c:\multispec_win64\20170327_multispec_windows\larrymultispecd9\x64debug\multispec\simagine.obj
c:\multispec_win64\20170327_multispec_windows\larrymultispecd9\x64debug\multispec\simageoverlays.obj
c:\multispec_win64\20170327_multispec_windows\larrymultispecd9\x64debug\multispec\shistgrm.obj
c:\multispec_win64\20170327_multispec_windows\larrymultispecd9\x64debug\multispec\shisinfo.obj
c:\multispec_win64\20170327_multispec_windows\larrymultispecd9\x64debug\multispec\shdf5.obj
c:\multispec_win64\20170327_multispec_windows\larrymultispecd9\x64debug\multispec\shdf4.obj
c:\multispec_win64\20170327_multispec_windows\larrymultispecd9\x64debug\multispec\sgrautil.obj
c:\multispec_win64\20170327_multispec_windows\larrymultispecd9\x64debug\multispec\sgraphic.obj
c:\multispec_win64\20170327_multispec_windows\larrymultispecd9\x64debug\multispec\sgrafvew.obj
c:\multispec_win64\20170327_multispec_windows\larrymultispecd9\x64debug\multispec\sgeotiff.obj
c:\multispec_win64\20170327_multispec_windows\larrymultispecd9\x64debug\multispec\sgdalinterface.obj
c:\multispec_win64\20170327_multispec_windows\larrymultispecd9\x64debug\smosaic.sbr
c:\multispec_win64\20170327_multispec_windows\larrymultispecd9\x64debug\smul.sbr
c:\multispec_win64\20170327_multispec_windows\larrymultispecd9\x64debug\sndfformat.sbr
c:\multispec_win64\20170327_multispec_windows\larrymultispecd9\x64debug\sopendlg.sbr
c:\multispec_win64\20170327_multispec_windows\larrymultispecd9\x64debug\sopnimag.sbr
c:\multispec_win64\20170327_multispec_windows\larrymultispecd9\x64debug\sother.sbr
c:\multispec_win64\20170327_multispec_windows\larrymultispecd9\x64debug\soutlinefields.sbr
c:\multispec_win64\20170327_multispec_windows\larrymultispecd9\x64debug\spalette.sbr
c:\multispec_win64\20170327_multispec_windows\larrymultispecd9\x64debug\spmatutl.sbr
c:\multispec_win64\20170327_multispec_windows\larrymultispecd9\x64debug\sprincom.sbr
c:\multispec_win64\20170327_multispec_windows\larrymultispecd9\x64debug\sprocmem.sbr
c:\multispec_win64\20170327_multispec_windows\larrymultispecd9\x64debug\sproject.sbr
c:\multispec_win64\20170327_multispec_windows\larrymultispecd9\x64debug\sprojectionalgorithms.sbr
c:\multispec_win64\20170327_multispec_windows\larrymultispecd9\x64debug\sprojectutilities.sbr
c:\multispec_win64\20170327_multispec_windows\larrymultispecd9\x64debug\sprojfio.sbr
c:\multispec_win64\20170327_multispec_windows\larrymultispecd9\x64debug\sprojpur.sbr
c:\multispec_win64\20170327_multispec_windows\larrymultispecd9\x64debug\srecthem.sbr
c:\multispec_win64\20170327_multispec_windows\larrymultispecd9\x64debug\srectification.sbr
c:\multispec_win64\20170327_multispec_windows\larrymultispecd9\x64debug\sreform1.sbr
c:\multispec_win64\20170327_multispec_windows\larrymultispecd9\x64debug\sreform2.sbr
c:\multispec_win64\20170327_multispec_windows\larrymultispecd9\x64debug\multispec\sreform2.obj
c:\multispec_win64\20170327_multispec_windows\larrymultispecd9\x64debug\multispec\sreform1.obj
c:\multispec_win64\20170327_multispec_windows\larrymultispecd9\x64debug\multispec\srectification.obj
c:\multispec_win64\20170327_multispec_windows\larrymultispecd9\x64debug\multispec\srecthem.obj
c:\multispec_win64\20170327_multispec_windows\larrymultispecd9\x64debug\multispec\sprojpur.obj
c:\multispec_win64\20170327_multispec_windows\larrymultispecd9\x64debug\multispec\sprojfio.obj
c:\multispec_win64\20170327_multispec_windows\larrymultispecd9\x64debug\multispec\sprojectutilities.obj
c:\multispec_win64\20170327_multispec_windows\larrymultispecd9\x64debug\multispec\sprojectionalgorithms.obj
c:\multispec_win64\20170327_multispec_windows\larrymultispecd9\x64debug\multispec\sproject.obj
c:\multispec_win64\20170327_multispec_windows\larrymultispecd9\x64debug\multispec\sprocmem.obj
c:\multispec_win64\20170327_multispec_windows\larrymultispecd9\x64debug\multispec\sprincom.obj
c:\multispec_win64\20170327_multispec_windows\larrymultispecd9\x64debug\multispec\spmatutl.obj
c:\multispec_win64\20170327_multispec_windows\larrymultispecd9\x64debug\multispec\spalette.obj
c:\multispec_win64\20170327_multispec_windows\larrymultispecd9\x64debug\multispec\soutlinefields.obj
c:\multispec_win64\20170327_multispec_windows\larrymultispecd9\x64debug\multispec\sother.obj
c:\multispec_win64\20170327_multispec_windows\larrymultispecd9\x64debug\multispec\sopnimag.obj
c:\multispec_win64\20170327_multispec_windows\larrymultispecd9\x64debug\multispec\sopendlg.obj
c:\multispec_win64\20170327_multispec_windows\larrymultispecd9\x64debug\multispec\sndfformat.obj
c:\multispec_win64\20170327_multispec_windows\larrymultispecd9\x64debug\multispec\smul.obj
c:\multispec_win64\20170327_multispec_windows\larrymultispecd9\x64debug\multispec\smosaic.obj
c:\multispec_win64\20170327_multispec_windows\larrymultispecd9\x64debug\sregistration.sbr
c:\multispec_win64\20170327_multispec_windows\larrymultispecd9\x64debug\ssavewrt.sbr
c:\multispec_win64\20170327_multispec_windows\larrymultispecd9\x64debug\sselectionutility.sbr
c:\multispec_win64\20170327_multispec_windows\larrymultispecd9\x64debug\sselgraf.sbr
c:\multispec_win64\20170327_multispec_windows\larrymultispecd9\x64debug\sshapetothematic.sbr
c:\multispec_win64\20170327_multispec_windows\larrymultispecd9\x64debug\sstatcom.sbr
c:\multispec_win64\20170327_multispec_windows\larrymultispecd9\x64debug\sstatenh.sbr
c:\multispec_win64\20170327_multispec_windows\larrymultispecd9\x64debug\sstathistogram.sbr
c:\multispec_win64\20170327_multispec_windows\larrymultispecd9\x64debug\sstatist.sbr
c:\multispec_win64\20170327_multispec_windows\larrymultispecd9\x64debug\sstatlst.sbr
c:\multispec_win64\20170327_multispec_windows\larrymultispecd9\x64debug\sstrings.sbr
c:\multispec_win64\20170327_multispec_windows\larrymultispecd9\x64debug\sthemwin.sbr
c:\multispec_win64\20170327_multispec_windows\larrymultispecd9\x64debug\sthreads.sbr
c:\multispec_win64\20170327_multispec_windows\larrymultispecd9\x64debug\sutility.sbr
c:\multispec_win64\20170327_multispec_windows\larrymultispecd9\x64debug\swindow.sbr
c:\multispec_win64\20170327_multispec_windows\larrymultispecd9\x64debug\swininfo.sbr
c:\multispec_win64\20170327_multispec_windows\larrymultispecd9\x64debug\w1coldlg.sbr
c:\multispec_win64\20170327_multispec_windows\larrymultispecd9\x64debug\wabout.sbr
c:\multispec_win64\20170327_multispec_windows\larrymultispecd9\x64debug\wapdfdlg.sbr
c:\multispec_win64\20170327_multispec_windows\larrymultispecd9\x64debug\wbiplotdialog.sbr
c:\multispec_win64\20170327_multispec_windows\larrymultispecd9\x64debug\multispec\wapdfdlg.obj
c:\multispec_win64\20170327_multispec_windows\larrymultispecd9\x64debug\multispec\wabout.obj
c:\multispec_win64\20170327_multispec_windows\larrymultispecd9\x64debug\multispec\w1coldlg.obj
c:\multispec_win64\20170327_multispec_windows\larrymultispecd9\x64debug\multispec\swininfo.obj
c:\multispec_win64\20170327_multispec_windows\larrymultispecd9\x64debug\multispec\swindow.obj
c:\multispec_win64\20170327_multispec_windows\larrymultispecd9\x64debug\multispec\sutility.obj
c:\multispec_win64\20170327_multispec_windows\larrymultispecd9\x64debug\multispec\sthreads.obj
c:\multispec_win64\20170327_multispec_windows\larrymultispecd9\x64debug\multispec\sthemwin.obj
c:\multispec_win64\20170327_multispec_windows\larrymultispecd9\x64debug\multispec\sstrings.obj
c:\multispec_win64\20170327_multispec_windows\larrymultispecd9\x64debug\multispec\sstatlst.obj
c:\multispec_win64\20170327_multispec_windows\larrymultispecd9\x64debug\multispec\sstatist.obj
c:\multispec_win64\20170327_multispec_windows\larrymultispecd9\x64debug\multispec\sstathistogram.obj
c:\multispec_win64\20170327_multispec_windows\larrymultispecd9\x64debug\multispec\sstatenh.obj
c:\multispec_win64\20170327_multispec_windows\larrymultispecd9\x64debug\multispec\sstatcom.obj
c:\multispec_win64\20170327_multispec_windows\larrymultispecd9\x64debug\multispec\sshapetothematic.obj
c:\multispec_win64\20170327_multispec_windows\larrymultispecd9\x64debug\multispec\sselgraf.obj
c:\multispec_win64\20170327_multispec_windows\larrymultispecd9\x64debug\multispec\sselectionutility.obj
c:\multispec_win64\20170327_multispec_windows\larrymultispecd9\x64debug\multispec\ssavewrt.obj
c:\multispec_win64\20170327_multispec_windows\larrymultispecd9\x64debug\multispec\sregistration.obj
c:\multispec_win64\20170327_multispec_windows\larrymultispecd9\x64debug\wccemdlg.sbr
c:\multispec_win64\20170327_multispec_windows\larrymultispecd9\x64debug\wcchndlg.sbr
c:\multispec_win64\20170327_multispec_windows\larrymultispecd9\x64debug\wccordlg.sbr
c:\multispec_win64\20170327_multispec_windows\larrymultispecd9\x64debug\wchandlg.sbr
c:\multispec_win64\20170327_multispec_windows\larrymultispecd9\x64debug\wclasdlg.sbr
c:\multispec_win64\20170327_multispec_windows\larrymultispecd9\x64debug\wclassgroupdialog.sbr
c:\multispec_win64\20170327_multispec_windows\larrymultispecd9\x64debug\wcliddlg.sbr
c:\multispec_win64\20170327_multispec_windows\larrymultispecd9\x64debug\wclsfdlg.sbr
c:\multispec_win64\20170327_multispec_windows\larrymultispecd9\x64debug\wclspdlg.sbr
c:\multispec_win64\20170327_multispec_windows\larrymultispecd9\x64debug\wclusdlg.sbr
c:\multispec_win64\20170327_multispec_windows\larrymultispecd9\x64debug\wcoorbar.sbr
c:\multispec_win64\20170327_multispec_windows\larrymultispecd9\x64debug\wcovedlg.sbr
c:\multispec_win64\20170327_multispec_windows\larrymultispecd9\x64debug\wcpwtdlg.sbr
c:\multispec_win64\20170327_multispec_windows\larrymultispecd9\x64debug\wcsgpdlg.sbr
c:\multispec_win64\20170327_multispec_windows\larrymultispecd9\x64debug\wcwtdlg.sbr
c:\multispec_win64\20170327_multispec_windows\larrymultispecd9\x64debug\wdialog.sbr
c:\multispec_win64\20170327_multispec_windows\larrymultispecd9\x64debug\wdisplaymultispectraldialog.sbr
c:\multispec_win64\20170327_multispec_windows\larrymultispecd9\x64debug\wdisplaythematicdialog.sbr
c:\multispec_win64\20170327_multispec_windows\larrymultispecd9\x64debug\wdmindlg.sbr
c:\multispec_win64\20170327_multispec_windows\larrymultispecd9\x64debug\wdrawobj.sbr
c:\multispec_win64\20170327_multispec_windows\larrymultispecd9\x64debug\multispec\wdrawobj.obj
c:\multispec_win64\20170327_multispec_windows\larrymultispecd9\x64debug\multispec\wdmindlg.obj
c:\multispec_win64\20170327_multispec_windows\larrymultispecd9\x64debug\multispec\wdisplaythematicdialog.obj
c:\multispec_win64\20170327_multispec_windows\larrymultispecd9\x64debug\multispec\wdisplaymultispectraldialog.obj
c:\multispec_win64\20170327_multispec_windows\larrymultispecd9\x64debug\multispec\wdialog.obj
c:\multispec_win64\20170327_multispec_windows\larrymultispecd9\x64debug\multispec\wcwtdlg.obj
c:\multispec_win64\20170327_multispec_windows\larrymultispecd9\x64debug\multispec\wcsgpdlg.obj
c:\multispec_win64\20170327_multispec_windows\larrymultispecd9\x64debug\multispec\wcpwtdlg.obj
c:\multispec_win64\20170327_multispec_windows\larrymultispecd9\x64debug\multispec\wcovedlg.obj
c:\multispec_win64\20170327_multispec_windows\larrymultispecd9\x64debug\multispec\wcoorbar.obj
c:\multispec_win64\20170327_multispec_windows\larrymultispecd9\x64debug\multispec\wclusdlg.obj
c:\multispec_win64\20170327_multispec_windows\larrymultispecd9\x64debug\multispec\wclspdlg.obj
c:\multispec_win64\20170327_multispec_windows\larrymultispecd9\x64debug\multispec\wclsfdlg.obj
c:\multispec_win64\20170327_multispec_windows\larrymultispecd9\x64debug\multispec\wcliddlg.obj
c:\multispec_win64\20170327_multispec_windows\larrymultispecd9\x64debug\multispec\wclassgroupdialog.obj
c:\multispec_win64\20170327_multispec_windows\larrymultispecd9\x64debug\multispec\wclasdlg.obj
c:\multispec_win64\20170327_multispec_windows\larrymultispecd9\x64debug\multispec\wchandlg.obj
c:\multispec_win64\20170327_multispec_windows\larrymultispecd9\x64debug\multispec\wccordlg.obj
c:\multispec_win64\20170327_multispec_windows\larrymultispecd9\x64debug\multispec\wcchndlg.obj
c:\multispec_win64\20170327_multispec_windows\larrymultispecd9\x64debug\multispec\wccemdlg.obj
c:\multispec_win64\20170327_multispec_windows\larrymultispecd9\x64debug\wechodlg.sbr
c:\multispec_win64\20170327_multispec_windows\larrymultispecd9\x64debug\westadlg.sbr
c:\multispec_win64\20170327_multispec_windows\larrymultispecd9\x64debug\wfcoldlg.sbr
c:\multispec_win64\20170327_multispec_windows\larrymultispecd9\x64debug\wfextdlg.sbr
c:\multispec_win64\20170327_multispec_windows\larrymultispecd9\x64debug\wfiledlg.sbr
c:\multispec_win64\20170327_multispec_windows\larrymultispecd9\x64debug\wformdlg.sbr
c:\multispec_win64\20170327_multispec_windows\larrymultispecd9\x64debug\wfseldlg.sbr
c:\multispec_win64\20170327_multispec_windows\larrymultispecd9\x64debug\wftotdlg.sbr
c:\multispec_win64\20170327_multispec_windows\larrymultispecd9\x64debug\wgaussianparameterdlg.sbr
c:\multispec_win64\20170327_multispec_windows\larrymultispecd9\x64debug\wgrafdoc.sbr
c:\multispec_win64\20170327_multispec_windows\larrymultispecd9\x64debug\wgraffrm.sbr
c:\multispec_win64\20170327_multispec_windows\larrymultispecd9\x64debug\whistdlg.sbr
c:\multispec_win64\20170327_multispec_windows\larrymultispecd9\x64debug\wimagdoc.sbr
c:\multispec_win64\20170327_multispec_windows\larrymultispecd9\x64debug\wimagesplitterwnd.sbr
c:\multispec_win64\20170327_multispec_windows\larrymultispecd9\x64debug\wimagfrm.sbr
c:\multispec_win64\20170327_multispec_windows\larrymultispecd9\x64debug\wimagvew.sbr
c:\multispec_win64\20170327_multispec_windows\larrymultispecd9\x64debug\wlegendlist.sbr
c:\multispec_win64\20170327_multispec_windows\larrymultispecd9\x64debug\wliopdlg.sbr
c:\multispec_win64\20170327_multispec_windows\larrymultispecd9\x64debug\wlistbox.sbr
c:\multispec_win64\20170327_multispec_windows\larrymultispecd9\x64debug\wloomdlg.sbr
c:\multispec_win64\20170327_multispec_windows\larrymultispecd9\x64debug\multispec\wloomdlg.obj
c:\multispec_win64\20170327_multispec_windows\larrymultispecd9\x64debug\multispec\wlistbox.obj
c:\multispec_win64\20170327_multispec_windows\larrymultispecd9\x64debug\multispec\wliopdlg.obj
c:\multispec_win64\20170327_multispec_windows\larrymultispecd9\x64debug\multispec\wlegendlist.obj
c:\multispec_win64\20170327_multispec_windows\larrymultispecd9\x64debug\multispec\wimagvew.obj
c:\multispec_win64\20170327_multispec_windows\larrymultispecd9\x64debug\multispec\wimagfrm.obj
c:\multispec_win64\20170327_multispec_windows\larrymultispecd9\x64debug\multispec\wimagesplitterwnd.obj
c:\multispec_win64\20170327_multispec_windows\larrymultispecd9\x64debug\multispec\wimagdoc.obj
c:\multispec_win64\20170327_multispec_windows\larrymultispecd9\x64debug\multispec\whistdlg.obj
c:\multispec_win64\20170327_multispec_windows\larrymultispecd9\x64debug\multispec\wgraffrm.obj
c:\multispec_win64\20170327_multispec_windows\larrymultispecd9\x64debug\multispec\wgrafdoc.obj
c:\multispec_win64\20170327_multispec_windows\larrymultispecd9\x64debug\multispec\wgaussianparameterdlg.obj
c:\multispec_win64\20170327_multispec_windows\larrymultispecd9\x64debug\multispec\wftotdlg.obj
c:\multispec_win64\20170327_multispec_windows\larrymultispecd9\x64debug\multispec\wfseldlg.obj
c:\multispec_win64\20170327_multispec_windows\larrymultispecd9\x64debug\multispec\wformdlg.obj
c:\multispec_win64\20170327_multispec_windows\larrymultispecd9\x64debug\multispec\wfiledlg.obj
c:\multispec_win64\20170327_multispec_windows\larrymultispecd9\x64debug\multispec\wfextdlg.obj
c:\multispec_win64\20170327_multispec_windows\larrymultispecd9\x64debug\multispec\wfcoldlg.obj
c:\multispec_win64\20170327_multispec_windows\larrymultispecd9\x64debug\multispec\westadlg.obj
c:\multispec_win64\20170327_multispec_windows\larrymultispecd9\x64debug\multispec\wechodlg.obj
c:\multispec_win64\20170327_multispec_windows\larrymultispecd9\x64debug\wlstddlg.sbr
c:\multispec_win64\20170327_multispec_windows\larrymultispecd9\x64debug\wlstrdlg.sbr
c:\multispec_win64\20170327_multispec_windows\larrymultispecd9\x64debug\wmainfrm.sbr
c:\multispec_win64\20170327_multispec_windows\larrymultispecd9\x64debug\wmapcdlg.sbr
c:\multispec_win64\20170327_multispec_windows\larrymultispecd9\x64debug\wmclrdlg.sbr
c:\multispec_win64\20170327_multispec_windows\larrymultispecd9\x64debug\wmosaictwoimagesdialog.sbr
c:\multispec_win64\20170327_multispec_windows\larrymultispecd9\x64debug\wmultispec.sbr
c:\multispec_win64\20170327_multispec_windows\larrymultispecd9\x64debug\wnewclas.sbr
c:\multispec_win64\20170327_multispec_windows\larrymultispecd9\x64debug\woverlayparameterdlg.sbr
c:\multispec_win64\20170327_multispec_windows\larrymultispecd9\x64debug\wprindlg.sbr
c:\multispec_win64\20170327_multispec_windows\larrymultispecd9\x64debug\wprojdlg.sbr
c:\multispec_win64\20170327_multispec_windows\larrymultispecd9\x64debug\wprojectionpursuitdialog.sbr
c:\multispec_win64\20170327_multispec_windows\larrymultispecd9\x64debug\wrchange.sbr
c:\multispec_win64\20170327_multispec_windows\larrymultispecd9\x64debug\wrectdlg.sbr
c:\multispec_win64\20170327_multispec_windows\larrymultispecd9\x64debug\wreformatrectifydlg.sbr
c:\multispec_win64\20170327_multispec_windows\larrymultispecd9\x64debug\wreformattransformdlg.sbr
c:\multispec_win64\20170327_multispec_windows\larrymultispecd9\x64debug\wresources.sbr
c:\multispec_win64\20170327_multispec_windows\larrymultispecd9\x64debug\wrheddlg.sbr
c:\multispec_win64\20170327_multispec_windows\larrymultispecd9\x64debug\wstatdlg.sbr
c:\multispec_win64\20170327_multispec_windows\larrymultispecd9\x64debug\wstatdoc.sbr
c:\multispec_win64\20170327_multispec_windows\larrymultispecd9\x64debug\multispec\wstatdoc.obj
c:\multispec_win64\20170327_multispec_windows\larrymultispecd9\x64debug\multispec\wstatdlg.obj
c:\multispec_win64\20170327_multispec_windows\larrymultispecd9\x64debug\multispec\wrheddlg.obj
c:\multispec_win64\20170327_multispec_windows\larrymultispecd9\x64debug\multispec\wresources.obj
c:\multispec_win64\20170327_multispec_windows\larrymultispecd9\x64debug\multispec\wreformattransformdlg.obj
c:\multispec_win64\20170327_multispec_windows\larrymultispecd9\x64debug\multispec\wreformatrectifydlg.obj
c:\multispec_win64\20170327_multispec_windows\larrymultispecd9\x64debug\multispec\wrectdlg.obj
c:\multispec_win64\20170327_multispec_windows\larrymultispecd9\x64debug\multispec\wrchange.obj
c:\multispec_win64\20170327_multispec_windows\larrymultispecd9\x64debug\multispec\wprojectionpursuitdialog.obj
c:\multispec_win64\20170327_multispec_windows\larrymultispecd9\x64debug\multispec\wprojdlg.obj
c:\multispec_win64\20170327_multispec_windows\larrymultispecd9\x64debug\multispec\wprindlg.obj
c:\multispec_win64\20170327_multispec_windows\larrymultispecd9\x64debug\multispec\woverlayparameterdlg.obj
c:\multispec_win64\20170327_multispec_windows\larrymultispecd9\x64debug\multispec\wnewclas.obj
c:\multispec_win64\20170327_multispec_windows\larrymultispecd9\x64debug\multispec\wmultispec.obj
c:\multispec_win64\20170327_multispec_windows\larrymultispecd9\x64debug\multispec\wmosaictwoimagesdialog.obj
c:\multispec_win64\20170327_multispec_windows\larrymultispecd9\x64debug\multispec\wmclrdlg.obj
c:\multispec_win64\20170327_multispec_windows\larrymultispecd9\x64debug\multispec\wmapcdlg.obj
c:\multispec_win64\20170327_multispec_windows\larrymultispecd9\x64debug\multispec\wmainfrm.obj
c:\multispec_win64\20170327_multispec_windows\larrymultispecd9\x64debug\multispec\wlstrdlg.obj
c:\multispec_win64\20170327_multispec_windows\larrymultispecd9\x64debug\multispec\wlstddlg.obj
c:\multispec_win64\20170327_multispec_windows\larrymultispecd9\x64debug\wstatfrm.sbr
c:\multispec_win64\20170327_multispec_windows\larrymultispecd9\x64debug\wstathistogramspecsdlg.sbr
c:\multispec_win64\20170327_multispec_windows\larrymultispecd9\x64debug\wstatvew.sbr
c:\multispec_win64\20170327_multispec_windows\larrymultispecd9\x64debug\wtextdoc.sbr
c:\multispec_win64\20170327_multispec_windows\larrymultispecd9\x64debug\wtextfrm.sbr
c:\multispec_win64\20170327_multispec_windows\larrymultispecd9\x64debug\wtextvew.sbr
c:\multispec_win64\20170327_multispec_windows\larrymultispecd9\x64debug\wtlengend.sbr
c:\multispec_win64\20170327_multispec_windows\larrymultispecd9\x64debug\wtoolbar.sbr
c:\multispec_win64\20170327_multispec_windows\larrymultispecd9\x64debug\wtools.sbr
c:\multispec_win64\20170327_multispec_windows\larrymultispecd9\x64debug\wtrandlg.sbr
c:\multispec_win64\20170327_multispec_windows\larrymultispecd9\x64debug\multispec\wtrandlg.obj
c:\multispec_win64\20170327_multispec_windows\larrymultispecd9\x64debug\multispec\wtools.obj
c:\multispec_win64\20170327_multispec_windows\larrymultispecd9\x64debug\multispec\wtoolbar.obj
c:\multispec_win64\20170327_multispec_windows\larrymultispecd9\x64debug\multispec\wtlengend.obj
c:\multispec_win64\20170327_multispec_windows\larrymultispecd9\x64debug\multispec\wtextvew.obj
c:\multispec_win64\20170327_multispec_windows\larrymultispecd9\x64debug\multispec\wtextfrm.obj
c:\multispec_win64\20170327_multispec_windows\larrymultispecd9\x64debug\multispec\wtextdoc.obj
c:\multispec_win64\20170327_multispec_windows\larrymultispecd9\x64debug\multispec\wstatvew.obj
c:\multispec_win64\20170327_multispec_windows\larrymultispecd9\x64debug\multispec\wstathistogramspecsdlg.obj
c:\multispec_win64\20170327_multispec_windows\larrymultispecd9\x64debug\multispec\wstatfrm.obj
c:\multispec_win64\20170327_multispec_windows\larrymultispecd9\x64debug\
c:\multispec_win64\20170327_multispec_windows\larrymultispecd9\x64debug\multispec\wbiplotdialog.obj
c:\multispec_win64\20170327_multispec_windows\larrymultispecd9\multispecw64d.exe
c:\multispec_win64\20170327_multispec_windows\larrymultispecd9\multispecw64d.pdb
c:\multispec_win64\20170327_multispec_windows\larrymultispecd9\multispecw64d.lib
c:\multispec_win64\20170327_multispec_windows\larrymultispecd9\multispecw64d.exp
c:\multispec_win64\20170327_multispec_windows\larrymultispecd9\x64debug\multspec.res
c:\multispec_win64\20170327_multispec_windows\larrymultispecd9\.\multispecw64d.exe
c:\multispec_win64\20170327_multispec_windows\larrymultispecd9\x64debug\multspec.tlog\bscmake.command.1.tlog
c:\multispec_win64\20170327_multispec_windows\larrymultispecd9\x64debug\multspec.tlog\bscmake.read.1.tlog
c:\multispec_win64\20170327_multispec_windows\larrymultispecd9\x64debug\multspec.tlog\bscmake.write.1.tlog
c:\multispec_win64\20170327_multispec_windows\larrymultispecd9\x64debug\multspec.tlog\cl.command.1.tlog
c:\multispec_win64\20170327_multispec_windows\larrymultispecd9\x64debug\multspec.tlog\cl.read.1.tlog
c:\multispec_win64\20170327_multispec_windows\larrymultispecd9\x64debug\multspec.tlog\cl.write.1.tlog
c:\multispec_win64\20170327_multispec_windows\larrymultispecd9\x64debug\multspec.tlog\link.command.1.tlog
c:\multispec_win64\20170327_multispec_windows\larrymultispecd9\x64debug\multspec.tlog\link.read.1.tlog
c:\multispec_win64\20170327_multispec_windows\larrymultispecd9\x64debug\multspec.tlog\link.write.1.tlog
c:\multispec_win64\20170327_multispec_windows\larrymultispecd9\x64debug\multspec.tlog\multspec.write.1u.tlog
c:\multispec_win64\20170327_multispec_windows\larrymultispecd9\x64debug\multspec.tlog\rc.command.1.tlog
c:\multispec_win64\20170327_multispec_windows\larrymultispecd9\x64debug\multspec.tlog\rc.read.1.tlog
c:\multispec_win64\20170327_multispec_windows\larrymultispecd9\x64debug\multspec.tlog\rc.write.1.tlog
